{"/Users/jamiecraik/dev/aStudio/packages/ui/src/app/chat/AttachmentMenu/AttachmentMenu.tsx": {"path":"/Users/jamiecraik/dev/aStudio/packages/ui/src/app/chat/AttachmentMenu/AttachmentMenu.tsx","statementMap":{"0":{"start":{"line":68,"column":22},"end":{"line":81,"column":null}},"1":{"start":{"line":69,"column":2},"end":{"line":81,"column":null}},"2":{"start":{"line":84,"column":21},"end":{"line":97,"column":null}},"3":{"start":{"line":85,"column":2},"end":{"line":97,"column":null}},"4":{"start":{"line":100,"column":18},"end":{"line":113,"column":null}},"5":{"start":{"line":101,"column":2},"end":{"line":113,"column":null}},"6":{"start":{"line":116,"column":25},"end":{"line":125,"column":null}},"7":{"start":{"line":117,"column":2},"end":{"line":125,"column":null}},"8":{"start":{"line":128,"column":18},"end":{"line":131,"column":null}},"9":{"start":{"line":129,"column":2},"end":{"line":131,"column":null}},"10":{"start":{"line":135,"column":17},"end":{"line":162,"column":null}},"11":{"start":{"line":144,"column":2},"end":{"line":161,"column":null}},"12":{"start":{"line":164,"column":0},"end":{"line":164,"column":null}},"13":{"start":{"line":201,"column":41},"end":{"line":207,"column":null}},"14":{"start":{"line":210,"column":2},"end":{"line":212,"column":null}},"15":{"start":{"line":211,"column":4},"end":{"line":211,"column":null}},"16":{"start":{"line":215,"column":21},"end":{"line":215,"column":null}},"17":{"start":{"line":217,"column":8},"end":{"line":217,"column":null}},"18":{"start":{"line":218,"column":23},"end":{"line":222,"column":null}},"19":{"start":{"line":219,"column":4},"end":{"line":219,"column":null}},"20":{"start":{"line":219,"column":20},"end":{"line":219,"column":null}},"21":{"start":{"line":220,"column":4},"end":{"line":220,"column":null}},"22":{"start":{"line":221,"column":4},"end":{"line":221,"column":null}},"23":{"start":{"line":224,"column":27},"end":{"line":228,"column":null}},"24":{"start":{"line":225,"column":4},"end":{"line":225,"column":null}},"25":{"start":{"line":225,"column":20},"end":{"line":225,"column":null}},"26":{"start":{"line":226,"column":4},"end":{"line":226,"column":null}},"27":{"start":{"line":227,"column":4},"end":{"line":227,"column":null}},"28":{"start":{"line":230,"column":26},"end":{"line":234,"column":null}},"29":{"start":{"line":231,"column":4},"end":{"line":231,"column":null}},"30":{"start":{"line":231,"column":20},"end":{"line":231,"column":null}},"31":{"start":{"line":232,"column":4},"end":{"line":232,"column":null}},"32":{"start":{"line":233,"column":4},"end":{"line":233,"column":null}},"33":{"start":{"line":236,"column":2},"end":{"line":486,"column":null}},"34":{"start":{"line":284,"column":33},"end":{"line":284,"column":null}},"35":{"start":{"line":289,"column":33},"end":{"line":289,"column":null}},"36":{"start":{"line":294,"column":33},"end":{"line":294,"column":null}},"37":{"start":{"line":299,"column":33},"end":{"line":299,"column":null}},"38":{"start":{"line":304,"column":33},"end":{"line":304,"column":null}},"39":{"start":{"line":338,"column":37},"end":{"line":338,"column":null}},"40":{"start":{"line":380,"column":37},"end":{"line":380,"column":null}},"41":{"start":{"line":397,"column":37},"end":{"line":397,"column":null}},"42":{"start":{"line":402,"column":37},"end":{"line":402,"column":null}},"43":{"start":{"line":419,"column":37},"end":{"line":419,"column":null}},"44":{"start":{"line":424,"column":37},"end":{"line":424,"column":null}},"45":{"start":{"line":429,"column":37},"end":{"line":429,"column":null}},"46":{"start":{"line":446,"column":37},"end":{"line":446,"column":null}},"47":{"start":{"line":451,"column":37},"end":{"line":451,"column":null}},"48":{"start":{"line":456,"column":37},"end":{"line":456,"column":null}},"49":{"start":{"line":461,"column":37},"end":{"line":461,"column":null}},"50":{"start":{"line":466,"column":37},"end":{"line":466,"column":null}},"51":{"start":{"line":471,"column":37},"end":{"line":471,"column":null}},"52":{"start":{"line":479,"column":37},"end":{"line":479,"column":null}}},"fnMap":{"0":{"name":"(anonymous_0)","decl":{"start":{"line":68,"column":22},"end":{"line":68,"column":23}},"loc":{"start":{"line":69,"column":2},"end":{"line":81,"column":null}},"line":69},"1":{"name":"(anonymous_1)","decl":{"start":{"line":84,"column":21},"end":{"line":84,"column":22}},"loc":{"start":{"line":85,"column":2},"end":{"line":97,"column":null}},"line":85},"2":{"name":"(anonymous_2)","decl":{"start":{"line":100,"column":18},"end":{"line":100,"column":19}},"loc":{"start":{"line":101,"column":2},"end":{"line":113,"column":null}},"line":101},"3":{"name":"(anonymous_3)","decl":{"start":{"line":116,"column":25},"end":{"line":116,"column":26}},"loc":{"start":{"line":117,"column":2},"end":{"line":125,"column":null}},"line":117},"4":{"name":"(anonymous_4)","decl":{"start":{"line":128,"column":18},"end":{"line":128,"column":19}},"loc":{"start":{"line":129,"column":2},"end":{"line":131,"column":null}},"line":129},"5":{"name":"(anonymous_5)","decl":{"start":{"line":143,"column":2},"end":{"line":143,"column":3}},"loc":{"start":{"line":144,"column":2},"end":{"line":161,"column":null}},"line":144},"6":{"name":"AttachmentMenu","decl":{"start":{"line":187,"column":16},"end":{"line":187,"column":31}},"loc":{"start":{"line":199,"column":24},"end":{"line":488,"column":null}},"line":199},"7":{"name":"(anonymous_7)","decl":{"start":{"line":210,"column":18},"end":{"line":210,"column":24}},"loc":{"start":{"line":210,"column":24},"end":{"line":212,"column":5}},"line":210},"8":{"name":"(anonymous_8)","decl":{"start":{"line":218,"column":23},"end":{"line":218,"column":24}},"loc":{"start":{"line":218,"column":53},"end":{"line":222,"column":null}},"line":218},"9":{"name":"(anonymous_9)","decl":{"start":{"line":224,"column":27},"end":{"line":224,"column":28}},"loc":{"start":{"line":224,"column":51},"end":{"line":228,"column":null}},"line":224},"10":{"name":"(anonymous_10)","decl":{"start":{"line":230,"column":26},"end":{"line":230,"column":32}},"loc":{"start":{"line":230,"column":32},"end":{"line":234,"column":null}},"line":230},"11":{"name":"(anonymous_11)","decl":{"start":{"line":284,"column":27},"end":{"line":284,"column":33}},"loc":{"start":{"line":284,"column":33},"end":{"line":284,"column":null}},"line":284},"12":{"name":"(anonymous_12)","decl":{"start":{"line":289,"column":27},"end":{"line":289,"column":33}},"loc":{"start":{"line":289,"column":33},"end":{"line":289,"column":null}},"line":289},"13":{"name":"(anonymous_13)","decl":{"start":{"line":294,"column":27},"end":{"line":294,"column":33}},"loc":{"start":{"line":294,"column":33},"end":{"line":294,"column":null}},"line":294},"14":{"name":"(anonymous_14)","decl":{"start":{"line":299,"column":27},"end":{"line":299,"column":33}},"loc":{"start":{"line":299,"column":33},"end":{"line":299,"column":null}},"line":299},"15":{"name":"(anonymous_15)","decl":{"start":{"line":304,"column":27},"end":{"line":304,"column":33}},"loc":{"start":{"line":304,"column":33},"end":{"line":304,"column":null}},"line":304},"16":{"name":"(anonymous_16)","decl":{"start":{"line":338,"column":31},"end":{"line":338,"column":37}},"loc":{"start":{"line":338,"column":37},"end":{"line":338,"column":null}},"line":338},"17":{"name":"(anonymous_17)","decl":{"start":{"line":380,"column":31},"end":{"line":380,"column":37}},"loc":{"start":{"line":380,"column":37},"end":{"line":380,"column":null}},"line":380},"18":{"name":"(anonymous_18)","decl":{"start":{"line":397,"column":31},"end":{"line":397,"column":37}},"loc":{"start":{"line":397,"column":37},"end":{"line":397,"column":null}},"line":397},"19":{"name":"(anonymous_19)","decl":{"start":{"line":402,"column":31},"end":{"line":402,"column":37}},"loc":{"start":{"line":402,"column":37},"end":{"line":402,"column":null}},"line":402},"20":{"name":"(anonymous_20)","decl":{"start":{"line":419,"column":31},"end":{"line":419,"column":37}},"loc":{"start":{"line":419,"column":37},"end":{"line":419,"column":null}},"line":419},"21":{"name":"(anonymous_21)","decl":{"start":{"line":424,"column":31},"end":{"line":424,"column":37}},"loc":{"start":{"line":424,"column":37},"end":{"line":424,"column":null}},"line":424},"22":{"name":"(anonymous_22)","decl":{"start":{"line":429,"column":31},"end":{"line":429,"column":37}},"loc":{"start":{"line":429,"column":37},"end":{"line":429,"column":null}},"line":429},"23":{"name":"(anonymous_23)","decl":{"start":{"line":446,"column":31},"end":{"line":446,"column":37}},"loc":{"start":{"line":446,"column":37},"end":{"line":446,"column":null}},"line":446},"24":{"name":"(anonymous_24)","decl":{"start":{"line":451,"column":31},"end":{"line":451,"column":37}},"loc":{"start":{"line":451,"column":37},"end":{"line":451,"column":null}},"line":451},"25":{"name":"(anonymous_25)","decl":{"start":{"line":456,"column":31},"end":{"line":456,"column":37}},"loc":{"start":{"line":456,"column":37},"end":{"line":456,"column":null}},"line":456},"26":{"name":"(anonymous_26)","decl":{"start":{"line":461,"column":31},"end":{"line":461,"column":37}},"loc":{"start":{"line":461,"column":37},"end":{"line":461,"column":null}},"line":461},"27":{"name":"(anonymous_27)","decl":{"start":{"line":466,"column":31},"end":{"line":466,"column":37}},"loc":{"start":{"line":466,"column":37},"end":{"line":466,"column":null}},"line":466},"28":{"name":"(anonymous_28)","decl":{"start":{"line":471,"column":31},"end":{"line":471,"column":37}},"loc":{"start":{"line":471,"column":37},"end":{"line":471,"column":null}},"line":471},"29":{"name":"(anonymous_29)","decl":{"start":{"line":479,"column":31},"end":{"line":479,"column":37}},"loc":{"start":{"line":479,"column":37},"end":{"line":479,"column":null}},"line":479}},"branchMap":{"0":{"loc":{"start":{"line":190,"column":2},"end":{"line":190,"column":null}},"type":"default-arg","locations":[{"start":{"line":190,"column":22},"end":{"line":190,"column":null}}],"line":190},"1":{"loc":{"start":{"line":194,"column":2},"end":{"line":194,"column":null}},"type":"default-arg","locations":[{"start":{"line":194,"column":12},"end":{"line":194,"column":null}}],"line":194},"2":{"loc":{"start":{"line":196,"column":2},"end":{"line":196,"column":null}},"type":"default-arg","locations":[{"start":{"line":196,"column":13},"end":{"line":196,"column":null}}],"line":196},"3":{"loc":{"start":{"line":201,"column":41},"end":{"line":207,"column":null}},"type":"cond-expr","locations":[{"start":{"line":202,"column":6},"end":{"line":202,"column":null}},{"start":{"line":203,"column":6},"end":{"line":207,"column":null}}],"line":201},"4":{"loc":{"start":{"line":203,"column":6},"end":{"line":207,"column":null}},"type":"cond-expr","locations":[{"start":{"line":204,"column":8},"end":{"line":204,"column":null}},{"start":{"line":205,"column":8},"end":{"line":207,"column":null}}],"line":203},"5":{"loc":{"start":{"line":205,"column":8},"end":{"line":207,"column":null}},"type":"cond-expr","locations":[{"start":{"line":206,"column":10},"end":{"line":206,"column":null}},{"start":{"line":207,"column":10},"end":{"line":207,"column":null}}],"line":205},"6":{"loc":{"start":{"line":215,"column":21},"end":{"line":215,"column":null}},"type":"binary-expr","locations":[{"start":{"line":215,"column":21},"end":{"line":215,"column":33}},{"start":{"line":215,"column":33},"end":{"line":215,"column":null}}],"line":215},"7":{"loc":{"start":{"line":219,"column":4},"end":{"line":219,"column":null}},"type":"if","locations":[{"start":{"line":219,"column":4},"end":{"line":219,"column":null}},{"start":{},"end":{}}],"line":219},"8":{"loc":{"start":{"line":225,"column":4},"end":{"line":225,"column":null}},"type":"if","locations":[{"start":{"line":225,"column":4},"end":{"line":225,"column":null}},{"start":{},"end":{}}],"line":225},"9":{"loc":{"start":{"line":231,"column":4},"end":{"line":231,"column":null}},"type":"if","locations":[{"start":{"line":231,"column":4},"end":{"line":231,"column":null}},{"start":{},"end":{}}],"line":231},"10":{"loc":{"start":{"line":242,"column":22},"end":{"line":242,"column":null}},"type":"cond-expr","locations":[{"start":{"line":242,"column":30},"end":{"line":242,"column":39}},{"start":{"line":242,"column":39},"end":{"line":242,"column":null}}],"line":242},"11":{"loc":{"start":{"line":243,"column":25},"end":{"line":243,"column":null}},"type":"cond-expr","locations":[{"start":{"line":243,"column":36},"end":{"line":243,"column":45}},{"start":{"line":243,"column":45},"end":{"line":243,"column":null}}],"line":243},"12":{"loc":{"start":{"line":244,"column":25},"end":{"line":244,"column":null}},"type":"binary-expr","locations":[{"start":{"line":244,"column":25},"end":{"line":244,"column":39}},{"start":{"line":244,"column":39},"end":{"line":244,"column":null}}],"line":244},"13":{"loc":{"start":{"line":245,"column":24},"end":{"line":245,"column":null}},"type":"cond-expr","locations":[{"start":{"line":245,"column":32},"end":{"line":245,"column":41}},{"start":{"line":245,"column":41},"end":{"line":245,"column":null}}],"line":245},"14":{"loc":{"start":{"line":245,"column":41},"end":{"line":245,"column":null}},"type":"cond-expr","locations":[{"start":{"line":245,"column":52},"end":{"line":245,"column":62}},{"start":{"line":245,"column":62},"end":{"line":245,"column":null}}],"line":245},"15":{"loc":{"start":{"line":246,"column":25},"end":{"line":246,"column":null}},"type":"binary-expr","locations":[{"start":{"line":246,"column":25},"end":{"line":246,"column":37}},{"start":{"line":246,"column":37},"end":{"line":246,"column":null}}],"line":246},"16":{"loc":{"start":{"line":247,"column":21},"end":{"line":247,"column":null}},"type":"binary-expr","locations":[{"start":{"line":247,"column":21},"end":{"line":247,"column":32}},{"start":{"line":247,"column":32},"end":{"line":247,"column":null}}],"line":247},"17":{"loc":{"start":{"line":254,"column":12},"end":{"line":254,"column":null}},"type":"binary-expr","locations":[{"start":{"line":254,"column":12},"end":{"line":254,"column":26}},{"start":{"line":254,"column":26},"end":{"line":254,"column":null}}],"line":254},"18":{"loc":{"start":{"line":255,"column":12},"end":{"line":255,"column":null}},"type":"binary-expr","locations":[{"start":{"line":255,"column":12},"end":{"line":255,"column":21}},{"start":{"line":255,"column":21},"end":{"line":255,"column":null}}],"line":255},"19":{"loc":{"start":{"line":256,"column":12},"end":{"line":256,"column":null}},"type":"binary-expr","locations":[{"start":{"line":256,"column":12},"end":{"line":256,"column":23}},{"start":{"line":256,"column":23},"end":{"line":256,"column":null}}],"line":256},"20":{"loc":{"start":{"line":359,"column":16},"end":{"line":360,"column":null}},"type":"binary-expr","locations":[{"start":{"line":359,"column":16},"end":{"line":359,"column":null}},{"start":{"line":360,"column":18},"end":{"line":360,"column":null}}],"line":359},"21":{"loc":{"start":{"line":367,"column":20},"end":{"line":369,"column":null}},"type":"cond-expr","locations":[{"start":{"line":368,"column":24},"end":{"line":368,"column":null}},{"start":{"line":369,"column":24},"end":{"line":369,"column":null}}],"line":367},"22":{"loc":{"start":{"line":374,"column":15},"end":{"line":375,"column":null}},"type":"binary-expr","locations":[{"start":{"line":374,"column":15},"end":{"line":374,"column":null}},{"start":{"line":375,"column":16},"end":{"line":375,"column":null}}],"line":374}},"s":{"0":1,"1":0,"2":1,"3":0,"4":1,"5":0,"6":1,"7":0,"8":1,"9":0,"10":1,"11":0,"12":1,"13":0,"14":0,"15":0,"16":0,"17":0,"18":0,"19":0,"20":0,"21":0,"22":0,"23":0,"24":0,"25":0,"26":0,"27":0,"28":0,"29":0,"30":0,"31":0,"32":0,"33":0,"34":0,"35":0,"36":0,"37":0,"38":0,"39":0,"40":0,"41":0,"42":0,"43":0,"44":0,"45":0,"46":0,"47":0,"48":0,"49":0,"50":0,"51":0,"52":0},"f":{"0":0,"1":0,"2":0,"3":0,"4":0,"5":0,"6":0,"7":0,"8":0,"9":0,"10":0,"11":0,"12":0,"13":0,"14":0,"15":0,"16":0,"17":0,"18":0,"19":0,"20":0,"21":0,"22":0,"23":0,"24":0,"25":0,"26":0,"27":0,"28":0,"29":0},"b":{"0":[0],"1":[0],"2":[0],"3":[0,0],"4":[0,0],"5":[0,0],"6":[0,0],"7":[0,0],"8":[0,0],"9":[0,0],"10":[0,0],"11":[0,0],"12":[0,0],"13":[0,0],"14":[0,0],"15":[0,0],"16":[0,0],"17":[0,0],"18":[0,0],"19":[0,0],"20":[0,0],"21":[0,0],"22":[0,0]},"meta":{"lastBranch":23,"lastFunction":30,"lastStatement":53,"seen":{"s:68:22:81:Infinity":0,"f:68:22:68:23":0,"s:69:2:81:Infinity":1,"s:84:21:97:Infinity":2,"f:84:21:84:22":1,"s:85:2:97:Infinity":3,"s:100:18:113:Infinity":4,"f:100:18:100:19":2,"s:101:2:113:Infinity":5,"s:116:25:125:Infinity":6,"f:116:25:116:26":3,"s:117:2:125:Infinity":7,"s:128:18:131:Infinity":8,"f:128:18:128:19":4,"s:129:2:131:Infinity":9,"s:135:17:162:Infinity":10,"f:143:2:143:3":5,"s:144:2:161:Infinity":11,"s:164:0:164:Infinity":12,"f:187:16:187:31":6,"b:190:22:190:Infinity":0,"b:194:12:194:Infinity":1,"b:196:13:196:Infinity":2,"s:201:41:207:Infinity":13,"b:202:6:202:Infinity:203:6:207:Infinity":3,"b:204:8:204:Infinity:205:8:207:Infinity":4,"b:206:10:206:Infinity:207:10:207:Infinity":5,"s:210:2:212:Infinity":14,"f:210:18:210:24":7,"s:211:4:211:Infinity":15,"s:215:21:215:Infinity":16,"b:215:21:215:33:215:33:215:Infinity":6,"s:217:8:217:Infinity":17,"s:218:23:222:Infinity":18,"f:218:23:218:24":8,"b:219:4:219:Infinity:undefined:undefined:undefined:undefined":7,"s:219:4:219:Infinity":19,"s:219:20:219:Infinity":20,"s:220:4:220:Infinity":21,"s:221:4:221:Infinity":22,"s:224:27:228:Infinity":23,"f:224:27:224:28":9,"b:225:4:225:Infinity:undefined:undefined:undefined:undefined":8,"s:225:4:225:Infinity":24,"s:225:20:225:Infinity":25,"s:226:4:226:Infinity":26,"s:227:4:227:Infinity":27,"s:230:26:234:Infinity":28,"f:230:26:230:32":10,"b:231:4:231:Infinity:undefined:undefined:undefined:undefined":9,"s:231:4:231:Infinity":29,"s:231:20:231:Infinity":30,"s:232:4:232:Infinity":31,"s:233:4:233:Infinity":32,"s:236:2:486:Infinity":33,"b:242:30:242:39:242:39:242:Infinity":10,"b:243:36:243:45:243:45:243:Infinity":11,"b:244:25:244:39:244:39:244:Infinity":12,"b:245:32:245:41:245:41:245:Infinity":13,"b:245:52:245:62:245:62:245:Infinity":14,"b:246:25:246:37:246:37:246:Infinity":15,"b:247:21:247:32:247:32:247:Infinity":16,"b:254:12:254:26:254:26:254:Infinity":17,"b:255:12:255:21:255:21:255:Infinity":18,"b:256:12:256:23:256:23:256:Infinity":19,"f:284:27:284:33":11,"s:284:33:284:Infinity":34,"f:289:27:289:33":12,"s:289:33:289:Infinity":35,"f:294:27:294:33":13,"s:294:33:294:Infinity":36,"f:299:27:299:33":14,"s:299:33:299:Infinity":37,"f:304:27:304:33":15,"s:304:33:304:Infinity":38,"f:338:31:338:37":16,"s:338:37:338:Infinity":39,"b:359:16:359:Infinity:360:18:360:Infinity":20,"b:368:24:368:Infinity:369:24:369:Infinity":21,"b:374:15:374:Infinity:375:16:375:Infinity":22,"f:380:31:380:37":17,"s:380:37:380:Infinity":40,"f:397:31:397:37":18,"s:397:37:397:Infinity":41,"f:402:31:402:37":19,"s:402:37:402:Infinity":42,"f:419:31:419:37":20,"s:419:37:419:Infinity":43,"f:424:31:424:37":21,"s:424:37:424:Infinity":44,"f:429:31:429:37":22,"s:429:37:429:Infinity":45,"f:446:31:446:37":23,"s:446:37:446:Infinity":46,"f:451:31:451:37":24,"s:451:37:451:Infinity":47,"f:456:31:456:37":25,"s:456:37:456:Infinity":48,"f:461:31:461:37":26,"s:461:37:461:Infinity":49,"f:466:31:466:37":27,"s:466:37:466:Infinity":50,"f:471:31:471:37":28,"s:471:37:471:Infinity":51,"f:479:31:479:37":29,"s:479:37:479:Infinity":52}}}
,"/Users/jamiecraik/dev/aStudio/packages/ui/src/app/chat/ChatHeader/ChatHeader.tsx": {"path":"/Users/jamiecraik/dev/aStudio/packages/ui/src/app/chat/ChatHeader/ChatHeader.tsx","statementMap":{"0":{"start":{"line":54,"column":37},"end":{"line":64,"column":null}},"1":{"start":{"line":66,"column":43},"end":{"line":94,"column":null}},"2":{"start":{"line":136,"column":41},"end":{"line":142,"column":null}},"3":{"start":{"line":145,"column":2},"end":{"line":147,"column":null}},"4":{"start":{"line":146,"column":4},"end":{"line":146,"column":null}},"5":{"start":{"line":150,"column":21},"end":{"line":150,"column":null}},"6":{"start":{"line":152,"column":56},"end":{"line":152,"column":null}},"7":{"start":{"line":153,"column":42},"end":{"line":153,"column":null}},"8":{"start":{"line":155,"column":20},"end":{"line":155,"column":null}},"9":{"start":{"line":157,"column":28},"end":{"line":162,"column":null}},"10":{"start":{"line":158,"column":4},"end":{"line":158,"column":null}},"11":{"start":{"line":158,"column":20},"end":{"line":158,"column":null}},"12":{"start":{"line":159,"column":4},"end":{"line":159,"column":null}},"13":{"start":{"line":160,"column":4},"end":{"line":160,"column":null}},"14":{"start":{"line":161,"column":4},"end":{"line":161,"column":null}},"15":{"start":{"line":164,"column":26},"end":{"line":169,"column":null}},"16":{"start":{"line":165,"column":4},"end":{"line":167,"column":null}},"17":{"start":{"line":166,"column":6},"end":{"line":166,"column":null}},"18":{"start":{"line":168,"column":4},"end":{"line":168,"column":null}},"19":{"start":{"line":171,"column":2},"end":{"line":437,"column":null}},"20":{"start":{"line":214,"column":25},"end":{"line":214,"column":null}},"21":{"start":{"line":286,"column":20},"end":{"line":325,"column":null}},"22":{"start":{"line":289,"column":37},"end":{"line":289,"column":null}},"23":{"start":{"line":373,"column":26},"end":{"line":393,"column":null}},"24":{"start":{"line":376,"column":43},"end":{"line":376,"column":null}}},"fnMap":{"0":{"name":"ChatHeader","decl":{"start":{"line":117,"column":16},"end":{"line":117,"column":27}},"loc":{"start":{"line":134,"column":20},"end":{"line":439,"column":null}},"line":134},"1":{"name":"(anonymous_1)","decl":{"start":{"line":145,"column":18},"end":{"line":145,"column":24}},"loc":{"start":{"line":145,"column":24},"end":{"line":147,"column":5}},"line":145},"2":{"name":"(anonymous_2)","decl":{"start":{"line":157,"column":28},"end":{"line":157,"column":29}},"loc":{"start":{"line":157,"column":52},"end":{"line":162,"column":null}},"line":157},"3":{"name":"(anonymous_3)","decl":{"start":{"line":164,"column":26},"end":{"line":164,"column":27}},"loc":{"start":{"line":164,"column":50},"end":{"line":169,"column":null}},"line":164},"4":{"name":"(anonymous_4)","decl":{"start":{"line":214,"column":19},"end":{"line":214,"column":25}},"loc":{"start":{"line":214,"column":25},"end":{"line":214,"column":null}},"line":214},"5":{"name":"(anonymous_5)","decl":{"start":{"line":285,"column":30},"end":{"line":285,"column":31}},"loc":{"start":{"line":286,"column":20},"end":{"line":325,"column":null}},"line":286},"6":{"name":"(anonymous_6)","decl":{"start":{"line":289,"column":31},"end":{"line":289,"column":37}},"loc":{"start":{"line":289,"column":37},"end":{"line":289,"column":null}},"line":289},"7":{"name":"(anonymous_7)","decl":{"start":{"line":372,"column":42},"end":{"line":372,"column":43}},"loc":{"start":{"line":373,"column":26},"end":{"line":393,"column":null}},"line":373},"8":{"name":"(anonymous_8)","decl":{"start":{"line":376,"column":37},"end":{"line":376,"column":43}},"loc":{"start":{"line":376,"column":43},"end":{"line":376,"column":null}},"line":376}},"branchMap":{"0":{"loc":{"start":{"line":120,"column":2},"end":{"line":120,"column":null}},"type":"default-arg","locations":[{"start":{"line":120,"column":18},"end":{"line":120,"column":null}}],"line":120},"1":{"loc":{"start":{"line":122,"column":2},"end":{"line":122,"column":null}},"type":"default-arg","locations":[{"start":{"line":122,"column":13},"end":{"line":122,"column":null}}],"line":122},"2":{"loc":{"start":{"line":125,"column":2},"end":{"line":125,"column":null}},"type":"default-arg","locations":[{"start":{"line":125,"column":22},"end":{"line":125,"column":null}}],"line":125},"3":{"loc":{"start":{"line":126,"column":2},"end":{"line":126,"column":null}},"type":"default-arg","locations":[{"start":{"line":126,"column":11},"end":{"line":126,"column":null}}],"line":126},"4":{"loc":{"start":{"line":127,"column":2},"end":{"line":127,"column":null}},"type":"default-arg","locations":[{"start":{"line":127,"column":17},"end":{"line":127,"column":null}}],"line":127},"5":{"loc":{"start":{"line":129,"column":2},"end":{"line":129,"column":null}},"type":"default-arg","locations":[{"start":{"line":129,"column":12},"end":{"line":129,"column":null}}],"line":129},"6":{"loc":{"start":{"line":131,"column":2},"end":{"line":131,"column":null}},"type":"default-arg","locations":[{"start":{"line":131,"column":13},"end":{"line":131,"column":null}}],"line":131},"7":{"loc":{"start":{"line":136,"column":41},"end":{"line":142,"column":null}},"type":"cond-expr","locations":[{"start":{"line":137,"column":6},"end":{"line":137,"column":null}},{"start":{"line":138,"column":6},"end":{"line":142,"column":null}}],"line":136},"8":{"loc":{"start":{"line":138,"column":6},"end":{"line":142,"column":null}},"type":"cond-expr","locations":[{"start":{"line":139,"column":8},"end":{"line":139,"column":null}},{"start":{"line":140,"column":8},"end":{"line":142,"column":null}}],"line":138},"9":{"loc":{"start":{"line":140,"column":8},"end":{"line":142,"column":null}},"type":"cond-expr","locations":[{"start":{"line":141,"column":10},"end":{"line":141,"column":null}},{"start":{"line":142,"column":10},"end":{"line":142,"column":null}}],"line":140},"10":{"loc":{"start":{"line":150,"column":21},"end":{"line":150,"column":null}},"type":"binary-expr","locations":[{"start":{"line":150,"column":21},"end":{"line":150,"column":33}},{"start":{"line":150,"column":33},"end":{"line":150,"column":null}}],"line":150},"11":{"loc":{"start":{"line":155,"column":20},"end":{"line":155,"column":null}},"type":"cond-expr","locations":[{"start":{"line":155,"column":56},"end":{"line":155,"column":72}},{"start":{"line":155,"column":72},"end":{"line":155,"column":null}}],"line":155},"12":{"loc":{"start":{"line":158,"column":4},"end":{"line":158,"column":null}},"type":"if","locations":[{"start":{"line":158,"column":4},"end":{"line":158,"column":null}},{"start":{},"end":{}}],"line":158},"13":{"loc":{"start":{"line":165,"column":4},"end":{"line":167,"column":null}},"type":"if","locations":[{"start":{"line":165,"column":4},"end":{"line":167,"column":null}},{"start":{},"end":{}}],"line":165},"14":{"loc":{"start":{"line":166,"column":13},"end":{"line":166,"column":null}},"type":"binary-expr","locations":[{"start":{"line":166,"column":13},"end":{"line":166,"column":45}},{"start":{"line":166,"column":45},"end":{"line":166,"column":null}}],"line":166},"15":{"loc":{"start":{"line":174,"column":18},"end":{"line":174,"column":null}},"type":"cond-expr","locations":[{"start":{"line":174,"column":26},"end":{"line":174,"column":35}},{"start":{"line":174,"column":35},"end":{"line":174,"column":null}}],"line":174},"16":{"loc":{"start":{"line":175,"column":21},"end":{"line":175,"column":null}},"type":"cond-expr","locations":[{"start":{"line":175,"column":32},"end":{"line":175,"column":41}},{"start":{"line":175,"column":41},"end":{"line":175,"column":null}}],"line":175},"17":{"loc":{"start":{"line":176,"column":21},"end":{"line":176,"column":null}},"type":"binary-expr","locations":[{"start":{"line":176,"column":21},"end":{"line":176,"column":35}},{"start":{"line":176,"column":35},"end":{"line":176,"column":null}}],"line":176},"18":{"loc":{"start":{"line":177,"column":20},"end":{"line":177,"column":null}},"type":"cond-expr","locations":[{"start":{"line":177,"column":28},"end":{"line":177,"column":37}},{"start":{"line":177,"column":37},"end":{"line":177,"column":null}}],"line":177},"19":{"loc":{"start":{"line":177,"column":37},"end":{"line":177,"column":null}},"type":"cond-expr","locations":[{"start":{"line":177,"column":48},"end":{"line":177,"column":58}},{"start":{"line":177,"column":58},"end":{"line":177,"column":null}}],"line":177},"20":{"loc":{"start":{"line":178,"column":21},"end":{"line":178,"column":null}},"type":"binary-expr","locations":[{"start":{"line":178,"column":21},"end":{"line":178,"column":33}},{"start":{"line":178,"column":33},"end":{"line":178,"column":null}}],"line":178},"21":{"loc":{"start":{"line":179,"column":17},"end":{"line":179,"column":null}},"type":"binary-expr","locations":[{"start":{"line":179,"column":17},"end":{"line":179,"column":28}},{"start":{"line":179,"column":28},"end":{"line":179,"column":null}}],"line":179},"22":{"loc":{"start":{"line":184,"column":8},"end":{"line":184,"column":null}},"type":"binary-expr","locations":[{"start":{"line":184,"column":8},"end":{"line":184,"column":22}},{"start":{"line":184,"column":22},"end":{"line":184,"column":null}}],"line":184},"23":{"loc":{"start":{"line":185,"column":8},"end":{"line":185,"column":null}},"type":"binary-expr","locations":[{"start":{"line":185,"column":8},"end":{"line":185,"column":17}},{"start":{"line":185,"column":17},"end":{"line":185,"column":null}}],"line":185},"24":{"loc":{"start":{"line":186,"column":8},"end":{"line":186,"column":null}},"type":"binary-expr","locations":[{"start":{"line":186,"column":8},"end":{"line":186,"column":19}},{"start":{"line":186,"column":19},"end":{"line":186,"column":null}}],"line":186},"25":{"loc":{"start":{"line":193,"column":9},"end":{"line":208,"column":null}},"type":"binary-expr","locations":[{"start":{"line":193,"column":9},"end":{"line":193,"column":null}},{"start":{"line":194,"column":10},"end":{"line":208,"column":null}}],"line":193},"26":{"loc":{"start":{"line":197,"column":24},"end":{"line":197,"column":null}},"type":"cond-expr","locations":[{"start":{"line":197,"column":40},"end":{"line":197,"column":58}},{"start":{"line":197,"column":58},"end":{"line":197,"column":null}}],"line":197},"27":{"loc":{"start":{"line":214,"column":44},"end":{"line":214,"column":87}},"type":"cond-expr","locations":[{"start":{"line":214,"column":69},"end":{"line":214,"column":78}},{"start":{"line":214,"column":78},"end":{"line":214,"column":87}}],"line":214},"28":{"loc":{"start":{"line":222,"column":12},"end":{"line":222,"column":null}},"type":"binary-expr","locations":[{"start":{"line":222,"column":12},"end":{"line":222,"column":38}},{"start":{"line":222,"column":38},"end":{"line":222,"column":null}}],"line":222},"29":{"loc":{"start":{"line":225,"column":11},"end":{"line":236,"column":null}},"type":"cond-expr","locations":[{"start":{"line":226,"column":12},"end":{"line":231,"column":null}},{"start":{"line":233,"column":12},"end":{"line":236,"column":null}}],"line":225},"30":{"loc":{"start":{"line":241,"column":9},"end":{"line":401,"column":null}},"type":"binary-expr","locations":[{"start":{"line":241,"column":9},"end":{"line":241,"column":null}},{"start":{"line":242,"column":10},"end":{"line":401,"column":null}}],"line":241},"31":{"loc":{"start":{"line":251,"column":18},"end":{"line":251,"column":null}},"type":"binary-expr","locations":[{"start":{"line":251,"column":18},"end":{"line":251,"column":41}},{"start":{"line":251,"column":41},"end":{"line":251,"column":null}}],"line":251},"32":{"loc":{"start":{"line":264,"column":20},"end":{"line":264,"column":null}},"type":"binary-expr","locations":[{"start":{"line":264,"column":20},"end":{"line":264,"column":43}},{"start":{"line":264,"column":43},"end":{"line":264,"column":null}}],"line":264},"33":{"loc":{"start":{"line":296,"column":24},"end":{"line":297,"column":null}},"type":"binary-expr","locations":[{"start":{"line":296,"column":24},"end":{"line":296,"column":null}},{"start":{"line":297,"column":26},"end":{"line":297,"column":null}}],"line":296},"34":{"loc":{"start":{"line":305,"column":27},"end":{"line":315,"column":null}},"type":"binary-expr","locations":[{"start":{"line":305,"column":27},"end":{"line":305,"column":null}},{"start":{"line":306,"column":28},"end":{"line":315,"column":null}}],"line":305},"35":{"loc":{"start":{"line":309,"column":32},"end":{"line":311,"column":null}},"type":"cond-expr","locations":[{"start":{"line":310,"column":36},"end":{"line":310,"column":null}},{"start":{"line":311,"column":36},"end":{"line":311,"column":null}}],"line":309},"36":{"loc":{"start":{"line":322,"column":23},"end":{"line":323,"column":null}},"type":"binary-expr","locations":[{"start":{"line":322,"column":23},"end":{"line":322,"column":null}},{"start":{"line":323,"column":24},"end":{"line":323,"column":null}}],"line":322},"37":{"loc":{"start":{"line":343,"column":24},"end":{"line":343,"column":null}},"type":"binary-expr","locations":[{"start":{"line":343,"column":24},"end":{"line":343,"column":40}},{"start":{"line":343,"column":40},"end":{"line":343,"column":null}}],"line":343},"38":{"loc":{"start":{"line":352,"column":26},"end":{"line":352,"column":null}},"type":"binary-expr","locations":[{"start":{"line":352,"column":26},"end":{"line":352,"column":42}},{"start":{"line":352,"column":42},"end":{"line":352,"column":null}}],"line":352},"39":{"loc":{"start":{"line":383,"column":30},"end":{"line":384,"column":null}},"type":"binary-expr","locations":[{"start":{"line":383,"column":30},"end":{"line":383,"column":null}},{"start":{"line":384,"column":32},"end":{"line":384,"column":null}}],"line":383},"40":{"loc":{"start":{"line":390,"column":29},"end":{"line":391,"column":null}},"type":"binary-expr","locations":[{"start":{"line":390,"column":29},"end":{"line":390,"column":null}},{"start":{"line":391,"column":30},"end":{"line":391,"column":null}}],"line":390}},"s":{"0":2,"1":2,"2":15,"3":15,"4":14,"5":15,"6":15,"7":15,"8":15,"9":15,"10":0,"11":0,"12":0,"13":0,"14":0,"15":15,"16":296,"17":242,"18":54,"19":15,"20":1,"21":50,"22":0,"23":98,"24":0},"f":{"0":15,"1":14,"2":0,"3":296,"4":1,"5":50,"6":0,"7":98,"8":0},"b":{"0":[15],"1":[15],"2":[15],"3":[15],"4":[15],"5":[15],"6":[15],"7":[0,15],"8":[0,15],"9":[0,15],"10":[15,15],"11":[11,4],"12":[0,0],"13":[242,54],"14":[242,220],"15":[0,15],"16":[0,15],"17":[15,15],"18":[0,15],"19":[0,15],"20":[15,15],"21":[15,15],"22":[15,0],"23":[15,0],"24":[15,0],"25":[15,15],"26":[1,14],"27":[0,1],"28":[15,1],"29":[1,14],"30":[15,14],"31":[14,1],"32":[14,1],"33":[50,14],"34":[50,22],"35":[11,11],"36":[50,14],"37":[14,0],"38":[14,0],"39":[98,0],"40":[98,0]},"meta":{"lastBranch":41,"lastFunction":9,"lastStatement":25,"seen":{"s:54:37:64:Infinity":0,"s:66:43:94:Infinity":1,"f:117:16:117:27":0,"b:120:18:120:Infinity":0,"b:122:13:122:Infinity":1,"b:125:22:125:Infinity":2,"b:126:11:126:Infinity":3,"b:127:17:127:Infinity":4,"b:129:12:129:Infinity":5,"b:131:13:131:Infinity":6,"s:136:41:142:Infinity":2,"b:137:6:137:Infinity:138:6:142:Infinity":7,"b:139:8:139:Infinity:140:8:142:Infinity":8,"b:141:10:141:Infinity:142:10:142:Infinity":9,"s:145:2:147:Infinity":3,"f:145:18:145:24":1,"s:146:4:146:Infinity":4,"s:150:21:150:Infinity":5,"b:150:21:150:33:150:33:150:Infinity":10,"s:152:56:152:Infinity":6,"s:153:42:153:Infinity":7,"s:155:20:155:Infinity":8,"b:155:56:155:72:155:72:155:Infinity":11,"s:157:28:162:Infinity":9,"f:157:28:157:29":2,"b:158:4:158:Infinity:undefined:undefined:undefined:undefined":12,"s:158:4:158:Infinity":10,"s:158:20:158:Infinity":11,"s:159:4:159:Infinity":12,"s:160:4:160:Infinity":13,"s:161:4:161:Infinity":14,"s:164:26:169:Infinity":15,"f:164:26:164:27":3,"b:165:4:167:Infinity:undefined:undefined:undefined:undefined":13,"s:165:4:167:Infinity":16,"s:166:6:166:Infinity":17,"b:166:13:166:45:166:45:166:Infinity":14,"s:168:4:168:Infinity":18,"s:171:2:437:Infinity":19,"b:174:26:174:35:174:35:174:Infinity":15,"b:175:32:175:41:175:41:175:Infinity":16,"b:176:21:176:35:176:35:176:Infinity":17,"b:177:28:177:37:177:37:177:Infinity":18,"b:177:48:177:58:177:58:177:Infinity":19,"b:178:21:178:33:178:33:178:Infinity":20,"b:179:17:179:28:179:28:179:Infinity":21,"b:184:8:184:22:184:22:184:Infinity":22,"b:185:8:185:17:185:17:185:Infinity":23,"b:186:8:186:19:186:19:186:Infinity":24,"b:193:9:193:Infinity:194:10:208:Infinity":25,"b:197:40:197:58:197:58:197:Infinity":26,"f:214:19:214:25":4,"s:214:25:214:Infinity":20,"b:214:69:214:78:214:78:214:87":27,"b:222:12:222:38:222:38:222:Infinity":28,"b:226:12:231:Infinity:233:12:236:Infinity":29,"b:241:9:241:Infinity:242:10:401:Infinity":30,"b:251:18:251:41:251:41:251:Infinity":31,"b:264:20:264:43:264:43:264:Infinity":32,"f:285:30:285:31":5,"s:286:20:325:Infinity":21,"f:289:31:289:37":6,"s:289:37:289:Infinity":22,"b:296:24:296:Infinity:297:26:297:Infinity":33,"b:305:27:305:Infinity:306:28:315:Infinity":34,"b:310:36:310:Infinity:311:36:311:Infinity":35,"b:322:23:322:Infinity:323:24:323:Infinity":36,"b:343:24:343:40:343:40:343:Infinity":37,"b:352:26:352:42:352:42:352:Infinity":38,"f:372:42:372:43":7,"s:373:26:393:Infinity":23,"f:376:37:376:43":8,"s:376:43:376:Infinity":24,"b:383:30:383:Infinity:384:32:384:Infinity":39,"b:390:29:390:Infinity:391:30:391:Infinity":40}}}
,"/Users/jamiecraik/dev/aStudio/packages/ui/src/app/chat/ChatInput/ChatInput.tsx": {"path":"/Users/jamiecraik/dev/aStudio/packages/ui/src/app/chat/ChatInput/ChatInput.tsx","statementMap":{"0":{"start":{"line":109,"column":25},"end":{"line":109,"column":null}},"1":{"start":{"line":110,"column":0},"end":{"line":110,"column":null}},"2":{"start":{"line":113,"column":18},"end":{"line":113,"column":null}},"3":{"start":{"line":114,"column":2},"end":{"line":118,"column":null}},"4":{"start":{"line":115,"column":4},"end":{"line":117,"column":null}},"5":{"start":{"line":119,"column":2},"end":{"line":119,"column":null}},"6":{"start":{"line":147,"column":6},"end":{"line":147,"column":null}},"7":{"start":{"line":149,"column":29},"end":{"line":149,"column":null}},"8":{"start":{"line":151,"column":2},"end":{"line":196,"column":null}},"9":{"start":{"line":172,"column":25},"end":{"line":172,"column":null}},"10":{"start":{"line":186,"column":10},"end":{"line":188,"column":null}},"11":{"start":{"line":187,"column":12},"end":{"line":187,"column":null}},"12":{"start":{"line":189,"column":10},"end":{"line":192,"column":null}},"13":{"start":{"line":190,"column":12},"end":{"line":190,"column":null}},"14":{"start":{"line":191,"column":12},"end":{"line":191,"column":null}},"15":{"start":{"line":215,"column":2},"end":{"line":224,"column":null}},"16":{"start":{"line":245,"column":6},"end":{"line":245,"column":null}},"17":{"start":{"line":249,"column":29},"end":{"line":249,"column":null}},"18":{"start":{"line":252,"column":23},"end":{"line":252,"column":null}},"19":{"start":{"line":254,"column":2},"end":{"line":330,"column":null}},"20":{"start":{"line":342,"column":4},"end":{"line":342,"column":null}},"21":{"start":{"line":344,"column":2},"end":{"line":423,"column":null}},"22":{"start":{"line":390,"column":23},"end":{"line":390,"column":null}},"23":{"start":{"line":441,"column":40},"end":{"line":441,"column":null}},"24":{"start":{"line":443,"column":2},"end":{"line":460,"column":null}},"25":{"start":{"line":521,"column":28},"end":{"line":521,"column":null}},"26":{"start":{"line":522,"column":36},"end":{"line":522,"column":null}},"27":{"start":{"line":523,"column":44},"end":{"line":523,"column":null}},"28":{"start":{"line":524,"column":48},"end":{"line":524,"column":null}},"29":{"start":{"line":525,"column":50},"end":{"line":525,"column":null}},"30":{"start":{"line":526,"column":8},"end":{"line":526,"column":null}},"31":{"start":{"line":528,"column":21},"end":{"line":528,"column":null}},"32":{"start":{"line":531,"column":36},"end":{"line":535,"column":null}},"33":{"start":{"line":538,"column":2},"end":{"line":544,"column":null}},"34":{"start":{"line":539,"column":21},"end":{"line":539,"column":null}},"35":{"start":{"line":540,"column":4},"end":{"line":543,"column":null}},"36":{"start":{"line":541,"column":6},"end":{"line":541,"column":null}},"37":{"start":{"line":542,"column":6},"end":{"line":542,"column":null}},"38":{"start":{"line":546,"column":8},"end":{"line":555,"column":null}},"39":{"start":{"line":548,"column":6},"end":{"line":548,"column":null}},"40":{"start":{"line":549,"column":6},"end":{"line":552,"column":null}},"41":{"start":{"line":550,"column":8},"end":{"line":550,"column":null}},"42":{"start":{"line":551,"column":8},"end":{"line":551,"column":null}},"43":{"start":{"line":557,"column":8},"end":{"line":561,"column":null}},"44":{"start":{"line":558,"column":21},"end":{"line":558,"column":null}},"45":{"start":{"line":559,"column":4},"end":{"line":559,"column":null}},"46":{"start":{"line":560,"column":4},"end":{"line":560,"column":null}},"47":{"start":{"line":563,"column":8},"end":{"line":567,"column":null}},"48":{"start":{"line":564,"column":21},"end":{"line":564,"column":null}},"49":{"start":{"line":565,"column":4},"end":{"line":565,"column":null}},"50":{"start":{"line":566,"column":4},"end":{"line":566,"column":null}},"51":{"start":{"line":569,"column":8},"end":{"line":569,"column":null}},"52":{"start":{"line":570,"column":8},"end":{"line":570,"column":null}},"53":{"start":{"line":572,"column":8},"end":{"line":612,"column":null}},"54":{"start":{"line":573,"column":11},"end":{"line":594,"column":null}},"55":{"start":{"line":614,"column":29},"end":{"line":614,"column":null}},"56":{"start":{"line":617,"column":2},"end":{"line":645,"column":null}},"57":{"start":{"line":618,"column":4},"end":{"line":643,"column":null}},"58":{"start":{"line":648,"column":2},"end":{"line":898,"column":null}},"59":{"start":{"line":689,"column":31},"end":{"line":689,"column":null}},"60":{"start":{"line":703,"column":16},"end":{"line":705,"column":null}},"61":{"start":{"line":704,"column":18},"end":{"line":704,"column":null}},"62":{"start":{"line":706,"column":16},"end":{"line":709,"column":null}},"63":{"start":{"line":707,"column":18},"end":{"line":707,"column":null}},"64":{"start":{"line":708,"column":18},"end":{"line":708,"column":null}},"65":{"start":{"line":843,"column":31},"end":{"line":843,"column":null}},"66":{"start":{"line":902,"column":0},"end":{"line":902,"column":null}},"67":{"start":{"line":905,"column":0},"end":{"line":905,"column":null}},"68":{"start":{"line":906,"column":0},"end":{"line":906,"column":null}},"69":{"start":{"line":907,"column":0},"end":{"line":907,"column":null}},"70":{"start":{"line":908,"column":0},"end":{"line":908,"column":null}},"71":{"start":{"line":909,"column":0},"end":{"line":909,"column":null}}},"fnMap":{"0":{"name":"useChatInputContext","decl":{"start":{"line":112,"column":9},"end":{"line":112,"column":54}},"loc":{"start":{"line":112,"column":54},"end":{"line":120,"column":null}},"line":112},"1":{"name":"ComposerArea","decl":{"start":{"line":137,"column":9},"end":{"line":137,"column":22}},"loc":{"start":{"line":137,"column":93},"end":{"line":198,"column":null}},"line":137},"2":{"name":"(anonymous_2)","decl":{"start":{"line":172,"column":18},"end":{"line":172,"column":19}},"loc":{"start":{"line":172,"column":25},"end":{"line":172,"column":null}},"line":172},"3":{"name":"(anonymous_3)","decl":{"start":{"line":185,"column":19},"end":{"line":185,"column":20}},"loc":{"start":{"line":185,"column":26},"end":{"line":193,"column":null}},"line":185},"4":{"name":"ActionBar","decl":{"start":{"line":214,"column":9},"end":{"line":214,"column":19}},"loc":{"start":{"line":214,"column":89},"end":{"line":226,"column":null}},"line":214},"5":{"name":"LeftActions","decl":{"start":{"line":234,"column":9},"end":{"line":234,"column":21}},"loc":{"start":{"line":234,"column":92},"end":{"line":332,"column":null}},"line":234},"6":{"name":"RightActions","decl":{"start":{"line":340,"column":9},"end":{"line":340,"column":22}},"loc":{"start":{"line":340,"column":93},"end":{"line":425,"column":null}},"line":340},"7":{"name":"(anonymous_7)","decl":{"start":{"line":390,"column":17},"end":{"line":390,"column":23}},"loc":{"start":{"line":390,"column":23},"end":{"line":390,"column":null}},"line":390},"8":{"name":"SendButton","decl":{"start":{"line":440,"column":9},"end":{"line":440,"column":20}},"loc":{"start":{"line":440,"column":59},"end":{"line":462,"column":null}},"line":440},"9":{"name":"ChatInput","decl":{"start":{"line":504,"column":16},"end":{"line":504,"column":26}},"loc":{"start":{"line":520,"column":46},"end":{"line":900,"column":null}},"line":520},"10":{"name":"(anonymous_10)","decl":{"start":{"line":538,"column":12},"end":{"line":538,"column":18}},"loc":{"start":{"line":538,"column":18},"end":{"line":544,"column":5}},"line":538},"11":{"name":"(anonymous_11)","decl":{"start":{"line":547,"column":4},"end":{"line":547,"column":5}},"loc":{"start":{"line":547,"column":22},"end":{"line":553,"column":null}},"line":547},"12":{"name":"(anonymous_12)","decl":{"start":{"line":557,"column":41},"end":{"line":557,"column":47}},"loc":{"start":{"line":557,"column":47},"end":{"line":561,"column":5}},"line":557},"13":{"name":"(anonymous_13)","decl":{"start":{"line":563,"column":43},"end":{"line":563,"column":49}},"loc":{"start":{"line":563,"column":49},"end":{"line":567,"column":5}},"line":563},"14":{"name":"(anonymous_14)","decl":{"start":{"line":573,"column":4},"end":{"line":573,"column":11}},"loc":{"start":{"line":573,"column":11},"end":{"line":594,"column":null}},"line":573},"15":{"name":"(anonymous_15)","decl":{"start":{"line":689,"column":24},"end":{"line":689,"column":25}},"loc":{"start":{"line":689,"column":31},"end":{"line":689,"column":null}},"line":689},"16":{"name":"(anonymous_16)","decl":{"start":{"line":702,"column":25},"end":{"line":702,"column":26}},"loc":{"start":{"line":702,"column":32},"end":{"line":710,"column":null}},"line":702},"17":{"name":"(anonymous_17)","decl":{"start":{"line":843,"column":25},"end":{"line":843,"column":31}},"loc":{"start":{"line":843,"column":31},"end":{"line":843,"column":null}},"line":843}},"branchMap":{"0":{"loc":{"start":{"line":114,"column":2},"end":{"line":118,"column":null}},"type":"if","locations":[{"start":{"line":114,"column":2},"end":{"line":118,"column":null}},{"start":{},"end":{}}],"line":114},"1":{"loc":{"start":{"line":149,"column":29},"end":{"line":149,"column":null}},"type":"cond-expr","locations":[{"start":{"line":149,"column":47},"end":{"line":149,"column":66}},{"start":{"line":149,"column":66},"end":{"line":149,"column":null}}],"line":149},"2":{"loc":{"start":{"line":149,"column":66},"end":{"line":149,"column":null}},"type":"binary-expr","locations":[{"start":{"line":149,"column":66},"end":{"line":149,"column":81}},{"start":{"line":149,"column":81},"end":{"line":149,"column":null}}],"line":149},"3":{"loc":{"start":{"line":154,"column":7},"end":{"line":167,"column":null}},"type":"binary-expr","locations":[{"start":{"line":154,"column":7},"end":{"line":154,"column":null}},{"start":{"line":155,"column":8},"end":{"line":167,"column":null}}],"line":154},"4":{"loc":{"start":{"line":182,"column":10},"end":{"line":182,"column":null}},"type":"binary-expr","locations":[{"start":{"line":182,"column":10},"end":{"line":182,"column":22}},{"start":{"line":182,"column":22},"end":{"line":182,"column":null}}],"line":182},"5":{"loc":{"start":{"line":186,"column":10},"end":{"line":188,"column":null}},"type":"if","locations":[{"start":{"line":186,"column":10},"end":{"line":188,"column":null}},{"start":{},"end":{}}],"line":186},"6":{"loc":{"start":{"line":189,"column":10},"end":{"line":192,"column":null}},"type":"if","locations":[{"start":{"line":189,"column":10},"end":{"line":192,"column":null}},{"start":{},"end":{}}],"line":189},"7":{"loc":{"start":{"line":189,"column":14},"end":{"line":189,"column":62}},"type":"binary-expr","locations":[{"start":{"line":189,"column":14},"end":{"line":189,"column":35}},{"start":{"line":189,"column":35},"end":{"line":189,"column":50}},{"start":{"line":189,"column":50},"end":{"line":189,"column":62}}],"line":189},"8":{"loc":{"start":{"line":278,"column":10},"end":{"line":284,"column":null}},"type":"cond-expr","locations":[{"start":{"line":279,"column":14},"end":{"line":279,"column":null}},{"start":{"line":279,"column":14},"end":{"line":284,"column":null}}],"line":278},"9":{"loc":{"start":{"line":288,"column":9},"end":{"line":289,"column":null}},"type":"binary-expr","locations":[{"start":{"line":288,"column":9},"end":{"line":288,"column":null}},{"start":{"line":289,"column":10},"end":{"line":289,"column":null}}],"line":288},"10":{"loc":{"start":{"line":302,"column":10},"end":{"line":308,"column":null}},"type":"cond-expr","locations":[{"start":{"line":303,"column":14},"end":{"line":303,"column":null}},{"start":{"line":303,"column":14},"end":{"line":308,"column":null}}],"line":302},"11":{"loc":{"start":{"line":312,"column":9},"end":{"line":313,"column":null}},"type":"binary-expr","locations":[{"start":{"line":312,"column":9},"end":{"line":312,"column":null}},{"start":{"line":313,"column":10},"end":{"line":313,"column":null}}],"line":312},"12":{"loc":{"start":{"line":318,"column":7},"end":{"line":328,"column":null}},"type":"binary-expr","locations":[{"start":{"line":318,"column":7},"end":{"line":318,"column":null}},{"start":{"line":319,"column":8},"end":{"line":328,"column":null}}],"line":318},"13":{"loc":{"start":{"line":347,"column":7},"end":{"line":365,"column":null}},"type":"binary-expr","locations":[{"start":{"line":347,"column":7},"end":{"line":347,"column":null}},{"start":{"line":348,"column":8},"end":{"line":365,"column":null}}],"line":347},"14":{"loc":{"start":{"line":396,"column":10},"end":{"line":402,"column":null}},"type":"cond-expr","locations":[{"start":{"line":397,"column":14},"end":{"line":397,"column":null}},{"start":{"line":397,"column":14},"end":{"line":402,"column":null}}],"line":396},"15":{"loc":{"start":{"line":446,"column":16},"end":{"line":446,"column":null}},"type":"binary-expr","locations":[{"start":{"line":446,"column":16},"end":{"line":446,"column":35}},{"start":{"line":446,"column":35},"end":{"line":446,"column":null}}],"line":446},"16":{"loc":{"start":{"line":452,"column":8},"end":{"line":454,"column":null}},"type":"cond-expr","locations":[{"start":{"line":453,"column":12},"end":{"line":453,"column":null}},{"start":{"line":454,"column":12},"end":{"line":454,"column":null}}],"line":452},"17":{"loc":{"start":{"line":452,"column":8},"end":{"line":452,"column":null}},"type":"binary-expr","locations":[{"start":{"line":452,"column":8},"end":{"line":452,"column":27}},{"start":{"line":452,"column":27},"end":{"line":452,"column":null}}],"line":452},"18":{"loc":{"start":{"line":515,"column":2},"end":{"line":515,"column":null}},"type":"default-arg","locations":[{"start":{"line":515,"column":16},"end":{"line":515,"column":null}}],"line":515},"19":{"loc":{"start":{"line":516,"column":2},"end":{"line":516,"column":null}},"type":"default-arg","locations":[{"start":{"line":516,"column":13},"end":{"line":516,"column":null}}],"line":516},"20":{"loc":{"start":{"line":518,"column":2},"end":{"line":518,"column":null}},"type":"default-arg","locations":[{"start":{"line":518,"column":12},"end":{"line":518,"column":null}}],"line":518},"21":{"loc":{"start":{"line":531,"column":36},"end":{"line":535,"column":null}},"type":"binary-expr","locations":[{"start":{"line":531,"column":36},"end":{"line":531,"column":53}},{"start":{"line":531,"column":53},"end":{"line":535,"column":null}}],"line":531},"22":{"loc":{"start":{"line":540,"column":4},"end":{"line":543,"column":null}},"type":"if","locations":[{"start":{"line":540,"column":4},"end":{"line":543,"column":null}},{"start":{},"end":{}}],"line":540},"23":{"loc":{"start":{"line":549,"column":6},"end":{"line":552,"column":null}},"type":"if","locations":[{"start":{"line":549,"column":6},"end":{"line":552,"column":null}},{"start":{},"end":{}}],"line":549},"24":{"loc":{"start":{"line":549,"column":10},"end":{"line":549,"column":39}},"type":"binary-expr","locations":[{"start":{"line":549,"column":10},"end":{"line":549,"column":28}},{"start":{"line":549,"column":28},"end":{"line":549,"column":39}}],"line":549},"25":{"loc":{"start":{"line":614,"column":29},"end":{"line":614,"column":null}},"type":"cond-expr","locations":[{"start":{"line":614,"column":47},"end":{"line":614,"column":66}},{"start":{"line":614,"column":66},"end":{"line":614,"column":null}}],"line":614},"26":{"loc":{"start":{"line":617,"column":2},"end":{"line":645,"column":null}},"type":"if","locations":[{"start":{"line":617,"column":2},"end":{"line":645,"column":null}},{"start":{},"end":{}}],"line":617},"27":{"loc":{"start":{"line":671,"column":13},"end":{"line":684,"column":null}},"type":"binary-expr","locations":[{"start":{"line":671,"column":13},"end":{"line":671,"column":null}},{"start":{"line":672,"column":14},"end":{"line":684,"column":null}}],"line":671},"28":{"loc":{"start":{"line":699,"column":16},"end":{"line":699,"column":null}},"type":"binary-expr","locations":[{"start":{"line":699,"column":16},"end":{"line":699,"column":28}},{"start":{"line":699,"column":28},"end":{"line":699,"column":null}}],"line":699},"29":{"loc":{"start":{"line":703,"column":16},"end":{"line":705,"column":null}},"type":"if","locations":[{"start":{"line":703,"column":16},"end":{"line":705,"column":null}},{"start":{},"end":{}}],"line":703},"30":{"loc":{"start":{"line":706,"column":16},"end":{"line":709,"column":null}},"type":"if","locations":[{"start":{"line":706,"column":16},"end":{"line":709,"column":null}},{"start":{},"end":{}}],"line":706},"31":{"loc":{"start":{"line":706,"column":20},"end":{"line":706,"column":68}},"type":"binary-expr","locations":[{"start":{"line":706,"column":20},"end":{"line":706,"column":41}},{"start":{"line":706,"column":41},"end":{"line":706,"column":56}},{"start":{"line":706,"column":56},"end":{"line":706,"column":68}}],"line":706},"32":{"loc":{"start":{"line":744,"column":18},"end":{"line":750,"column":null}},"type":"cond-expr","locations":[{"start":{"line":745,"column":22},"end":{"line":745,"column":null}},{"start":{"line":745,"column":22},"end":{"line":750,"column":null}}],"line":744},"33":{"loc":{"start":{"line":754,"column":17},"end":{"line":757,"column":null}},"type":"binary-expr","locations":[{"start":{"line":754,"column":17},"end":{"line":754,"column":null}},{"start":{"line":755,"column":18},"end":{"line":757,"column":null}}],"line":754},"34":{"loc":{"start":{"line":769,"column":18},"end":{"line":775,"column":null}},"type":"cond-expr","locations":[{"start":{"line":770,"column":22},"end":{"line":770,"column":null}},{"start":{"line":770,"column":22},"end":{"line":775,"column":null}}],"line":769},"35":{"loc":{"start":{"line":779,"column":17},"end":{"line":782,"column":null}},"type":"binary-expr","locations":[{"start":{"line":779,"column":17},"end":{"line":779,"column":null}},{"start":{"line":780,"column":18},"end":{"line":782,"column":null}}],"line":779},"36":{"loc":{"start":{"line":801,"column":15},"end":{"line":819,"column":null}},"type":"binary-expr","locations":[{"start":{"line":801,"column":15},"end":{"line":801,"column":null}},{"start":{"line":802,"column":16},"end":{"line":819,"column":null}}],"line":801},"37":{"loc":{"start":{"line":849,"column":18},"end":{"line":855,"column":null}},"type":"cond-expr","locations":[{"start":{"line":850,"column":22},"end":{"line":850,"column":null}},{"start":{"line":850,"column":22},"end":{"line":855,"column":null}}],"line":849},"38":{"loc":{"start":{"line":880,"column":26},"end":{"line":880,"column":null}},"type":"binary-expr","locations":[{"start":{"line":880,"column":26},"end":{"line":880,"column":45}},{"start":{"line":880,"column":45},"end":{"line":880,"column":null}}],"line":880},"39":{"loc":{"start":{"line":886,"column":18},"end":{"line":888,"column":null}},"type":"cond-expr","locations":[{"start":{"line":887,"column":22},"end":{"line":887,"column":null}},{"start":{"line":888,"column":22},"end":{"line":888,"column":null}}],"line":886},"40":{"loc":{"start":{"line":886,"column":18},"end":{"line":886,"column":null}},"type":"binary-expr","locations":[{"start":{"line":886,"column":18},"end":{"line":886,"column":37}},{"start":{"line":886,"column":37},"end":{"line":886,"column":null}}],"line":886}},"s":{"0":1,"1":1,"2":0,"3":0,"4":0,"5":0,"6":0,"7":0,"8":0,"9":0,"10":0,"11":0,"12":0,"13":0,"14":0,"15":0,"16":0,"17":0,"18":0,"19":0,"20":0,"21":0,"22":0,"23":0,"24":0,"25":0,"26":0,"27":0,"28":0,"29":0,"30":0,"31":0,"32":0,"33":0,"34":0,"35":0,"36":0,"37":0,"38":0,"39":0,"40":0,"41":0,"42":0,"43":0,"44":0,"45":0,"46":0,"47":0,"48":0,"49":0,"50":0,"51":0,"52":0,"53":0,"54":0,"55":0,"56":0,"57":0,"58":0,"59":0,"60":0,"61":0,"62":0,"63":0,"64":0,"65":0,"66":1,"67":1,"68":1,"69":1,"70":1,"71":1},"f":{"0":0,"1":0,"2":0,"3":0,"4":0,"5":0,"6":0,"7":0,"8":0,"9":0,"10":0,"11":0,"12":0,"13":0,"14":0,"15":0,"16":0,"17":0},"b":{"0":[0,0],"1":[0,0],"2":[0,0],"3":[0,0],"4":[0,0],"5":[0,0],"6":[0,0],"7":[0,0,0],"8":[0,0],"9":[0,0],"10":[0,0],"11":[0,0],"12":[0,0],"13":[0,0],"14":[0,0],"15":[0,0],"16":[0,0],"17":[0,0],"18":[0],"19":[0],"20":[0],"21":[0,0],"22":[0,0],"23":[0,0],"24":[0,0],"25":[0,0],"26":[0,0],"27":[0,0],"28":[0,0],"29":[0,0],"30":[0,0],"31":[0,0,0],"32":[0,0],"33":[0,0],"34":[0,0],"35":[0,0],"36":[0,0],"37":[0,0],"38":[0,0],"39":[0,0],"40":[0,0]},"meta":{"lastBranch":41,"lastFunction":18,"lastStatement":72,"seen":{"s:109:25:109:Infinity":0,"s:110:0:110:Infinity":1,"f:112:9:112:54":0,"s:113:18:113:Infinity":2,"b:114:2:118:Infinity:undefined:undefined:undefined:undefined":0,"s:114:2:118:Infinity":3,"s:115:4:117:Infinity":4,"s:119:2:119:Infinity":5,"f:137:9:137:22":1,"s:147:6:147:Infinity":6,"s:149:29:149:Infinity":7,"b:149:47:149:66:149:66:149:Infinity":1,"b:149:66:149:81:149:81:149:Infinity":2,"s:151:2:196:Infinity":8,"b:154:7:154:Infinity:155:8:167:Infinity":3,"f:172:18:172:19":2,"s:172:25:172:Infinity":9,"b:182:10:182:22:182:22:182:Infinity":4,"f:185:19:185:20":3,"b:186:10:188:Infinity:undefined:undefined:undefined:undefined":5,"s:186:10:188:Infinity":10,"s:187:12:187:Infinity":11,"b:189:10:192:Infinity:undefined:undefined:undefined:undefined":6,"s:189:10:192:Infinity":12,"b:189:14:189:35:189:35:189:50:189:50:189:62":7,"s:190:12:190:Infinity":13,"s:191:12:191:Infinity":14,"f:214:9:214:19":4,"s:215:2:224:Infinity":15,"f:234:9:234:21":5,"s:245:6:245:Infinity":16,"s:249:29:249:Infinity":17,"s:252:23:252:Infinity":18,"s:254:2:330:Infinity":19,"b:279:14:279:Infinity:279:14:284:Infinity":8,"b:288:9:288:Infinity:289:10:289:Infinity":9,"b:303:14:303:Infinity:303:14:308:Infinity":10,"b:312:9:312:Infinity:313:10:313:Infinity":11,"b:318:7:318:Infinity:319:8:328:Infinity":12,"f:340:9:340:22":6,"s:342:4:342:Infinity":20,"s:344:2:423:Infinity":21,"b:347:7:347:Infinity:348:8:365:Infinity":13,"f:390:17:390:23":7,"s:390:23:390:Infinity":22,"b:397:14:397:Infinity:397:14:402:Infinity":14,"f:440:9:440:20":8,"s:441:40:441:Infinity":23,"s:443:2:460:Infinity":24,"b:446:16:446:35:446:35:446:Infinity":15,"b:453:12:453:Infinity:454:12:454:Infinity":16,"b:452:8:452:27:452:27:452:Infinity":17,"f:504:16:504:26":9,"b:515:16:515:Infinity":18,"b:516:13:516:Infinity":19,"b:518:12:518:Infinity":20,"s:521:28:521:Infinity":25,"s:522:36:522:Infinity":26,"s:523:44:523:Infinity":27,"s:524:48:524:Infinity":28,"s:525:50:525:Infinity":29,"s:526:8:526:Infinity":30,"s:528:21:528:Infinity":31,"s:531:36:535:Infinity":32,"b:531:36:531:53:531:53:535:Infinity":21,"s:538:2:544:Infinity":33,"f:538:12:538:18":10,"s:539:21:539:Infinity":34,"b:540:4:543:Infinity:undefined:undefined:undefined:undefined":22,"s:540:4:543:Infinity":35,"s:541:6:541:Infinity":36,"s:542:6:542:Infinity":37,"s:546:8:555:Infinity":38,"f:547:4:547:5":11,"s:548:6:548:Infinity":39,"b:549:6:552:Infinity:undefined:undefined:undefined:undefined":23,"s:549:6:552:Infinity":40,"b:549:10:549:28:549:28:549:39":24,"s:550:8:550:Infinity":41,"s:551:8:551:Infinity":42,"s:557:8:561:Infinity":43,"f:557:41:557:47":12,"s:558:21:558:Infinity":44,"s:559:4:559:Infinity":45,"s:560:4:560:Infinity":46,"s:563:8:567:Infinity":47,"f:563:43:563:49":13,"s:564:21:564:Infinity":48,"s:565:4:565:Infinity":49,"s:566:4:566:Infinity":50,"s:569:8:569:Infinity":51,"s:570:8:570:Infinity":52,"s:572:8:612:Infinity":53,"f:573:4:573:11":14,"s:573:11:594:Infinity":54,"s:614:29:614:Infinity":55,"b:614:47:614:66:614:66:614:Infinity":25,"b:617:2:645:Infinity:undefined:undefined:undefined:undefined":26,"s:617:2:645:Infinity":56,"s:618:4:643:Infinity":57,"s:648:2:898:Infinity":58,"b:671:13:671:Infinity:672:14:684:Infinity":27,"f:689:24:689:25":15,"s:689:31:689:Infinity":59,"b:699:16:699:28:699:28:699:Infinity":28,"f:702:25:702:26":16,"b:703:16:705:Infinity:undefined:undefined:undefined:undefined":29,"s:703:16:705:Infinity":60,"s:704:18:704:Infinity":61,"b:706:16:709:Infinity:undefined:undefined:undefined:undefined":30,"s:706:16:709:Infinity":62,"b:706:20:706:41:706:41:706:56:706:56:706:68":31,"s:707:18:707:Infinity":63,"s:708:18:708:Infinity":64,"b:745:22:745:Infinity:745:22:750:Infinity":32,"b:754:17:754:Infinity:755:18:757:Infinity":33,"b:770:22:770:Infinity:770:22:775:Infinity":34,"b:779:17:779:Infinity:780:18:782:Infinity":35,"b:801:15:801:Infinity:802:16:819:Infinity":36,"f:843:25:843:31":17,"s:843:31:843:Infinity":65,"b:850:22:850:Infinity:850:22:855:Infinity":37,"b:880:26:880:45:880:45:880:Infinity":38,"b:887:22:887:Infinity:888:22:888:Infinity":39,"b:886:18:886:37:886:37:886:Infinity":40,"s:902:0:902:Infinity":66,"s:905:0:905:Infinity":67,"s:906:0:906:Infinity":68,"s:907:0:907:Infinity":69,"s:908:0:908:Infinity":70,"s:909:0:909:Infinity":71}}}
,"/Users/jamiecraik/dev/aStudio/packages/ui/src/app/chat/ChatMessages/ChatMessages.tsx": {"path":"/Users/jamiecraik/dev/aStudio/packages/ui/src/app/chat/ChatMessages/ChatMessages.tsx","statementMap":{"0":{"start":{"line":46,"column":38},"end":{"line":59,"column":null}},"1":{"start":{"line":95,"column":41},"end":{"line":101,"column":null}},"2":{"start":{"line":104,"column":2},"end":{"line":106,"column":null}},"3":{"start":{"line":105,"column":4},"end":{"line":105,"column":null}},"4":{"start":{"line":109,"column":21},"end":{"line":109,"column":null}},"5":{"start":{"line":111,"column":8},"end":{"line":111,"column":null}},"6":{"start":{"line":112,"column":27},"end":{"line":112,"column":null}},"7":{"start":{"line":114,"column":2},"end":{"line":120,"column":null}},"8":{"start":{"line":115,"column":4},"end":{"line":118,"column":null}},"9":{"start":{"line":122,"column":2},"end":{"line":128,"column":null}},"10":{"start":{"line":123,"column":4},"end":{"line":126,"column":null}},"11":{"start":{"line":130,"column":2},"end":{"line":144,"column":null}},"12":{"start":{"line":131,"column":4},"end":{"line":142,"column":null}},"13":{"start":{"line":146,"column":2},"end":{"line":262,"column":null}},"14":{"start":{"line":159,"column":10},"end":{"line":259,"column":null}},"15":{"start":{"line":174,"column":24},"end":{"line":180,"column":null}},"16":{"start":{"line":175,"column":26},"end":{"line":175,"column":null}},"17":{"start":{"line":177,"column":26},"end":{"line":177,"column":null}},"18":{"start":{"line":179,"column":26},"end":{"line":179,"column":null}},"19":{"start":{"line":188,"column":37},"end":{"line":188,"column":null}},"20":{"start":{"line":195,"column":37},"end":{"line":195,"column":null}},"21":{"start":{"line":202,"column":37},"end":{"line":202,"column":null}},"22":{"start":{"line":209,"column":37},"end":{"line":209,"column":null}},"23":{"start":{"line":216,"column":37},"end":{"line":216,"column":null}},"24":{"start":{"line":235,"column":24},"end":{"line":241,"column":null}},"25":{"start":{"line":236,"column":26},"end":{"line":236,"column":null}},"26":{"start":{"line":238,"column":26},"end":{"line":238,"column":null}},"27":{"start":{"line":240,"column":26},"end":{"line":240,"column":null}},"28":{"start":{"line":249,"column":37},"end":{"line":249,"column":null}}},"fnMap":{"0":{"name":"ChatMessages","decl":{"start":{"line":84,"column":16},"end":{"line":84,"column":29}},"loc":{"start":{"line":93,"column":22},"end":{"line":264,"column":null}},"line":93},"1":{"name":"(anonymous_1)","decl":{"start":{"line":104,"column":18},"end":{"line":104,"column":24}},"loc":{"start":{"line":104,"column":24},"end":{"line":106,"column":5}},"line":104},"2":{"name":"(anonymous_2)","decl":{"start":{"line":158,"column":30},"end":{"line":158,"column":31}},"loc":{"start":{"line":159,"column":10},"end":{"line":259,"column":null}},"line":159},"3":{"name":"(anonymous_3)","decl":{"start":{"line":173,"column":31},"end":{"line":173,"column":43}},"loc":{"start":{"line":173,"column":43},"end":{"line":181,"column":null}},"line":173},"4":{"name":"(anonymous_4)","decl":{"start":{"line":188,"column":31},"end":{"line":188,"column":37}},"loc":{"start":{"line":188,"column":37},"end":{"line":188,"column":null}},"line":188},"5":{"name":"(anonymous_5)","decl":{"start":{"line":195,"column":31},"end":{"line":195,"column":37}},"loc":{"start":{"line":195,"column":37},"end":{"line":195,"column":null}},"line":195},"6":{"name":"(anonymous_6)","decl":{"start":{"line":202,"column":31},"end":{"line":202,"column":37}},"loc":{"start":{"line":202,"column":37},"end":{"line":202,"column":null}},"line":202},"7":{"name":"(anonymous_7)","decl":{"start":{"line":209,"column":31},"end":{"line":209,"column":37}},"loc":{"start":{"line":209,"column":37},"end":{"line":209,"column":null}},"line":209},"8":{"name":"(anonymous_8)","decl":{"start":{"line":216,"column":31},"end":{"line":216,"column":37}},"loc":{"start":{"line":216,"column":37},"end":{"line":216,"column":null}},"line":216},"9":{"name":"(anonymous_9)","decl":{"start":{"line":234,"column":31},"end":{"line":234,"column":43}},"loc":{"start":{"line":234,"column":43},"end":{"line":242,"column":null}},"line":234},"10":{"name":"(anonymous_10)","decl":{"start":{"line":249,"column":31},"end":{"line":249,"column":37}},"loc":{"start":{"line":249,"column":37},"end":{"line":249,"column":null}},"line":249}},"branchMap":{"0":{"loc":{"start":{"line":88,"column":2},"end":{"line":88,"column":null}},"type":"default-arg","locations":[{"start":{"line":88,"column":12},"end":{"line":88,"column":null}}],"line":88},"1":{"loc":{"start":{"line":90,"column":2},"end":{"line":90,"column":null}},"type":"default-arg","locations":[{"start":{"line":90,"column":13},"end":{"line":90,"column":null}}],"line":90},"2":{"loc":{"start":{"line":95,"column":41},"end":{"line":101,"column":null}},"type":"cond-expr","locations":[{"start":{"line":96,"column":6},"end":{"line":96,"column":null}},{"start":{"line":97,"column":6},"end":{"line":101,"column":null}}],"line":95},"3":{"loc":{"start":{"line":97,"column":6},"end":{"line":101,"column":null}},"type":"cond-expr","locations":[{"start":{"line":98,"column":8},"end":{"line":98,"column":null}},{"start":{"line":99,"column":8},"end":{"line":101,"column":null}}],"line":97},"4":{"loc":{"start":{"line":99,"column":8},"end":{"line":101,"column":null}},"type":"cond-expr","locations":[{"start":{"line":100,"column":10},"end":{"line":100,"column":null}},{"start":{"line":101,"column":10},"end":{"line":101,"column":null}}],"line":99},"5":{"loc":{"start":{"line":109,"column":21},"end":{"line":109,"column":null}},"type":"binary-expr","locations":[{"start":{"line":109,"column":21},"end":{"line":109,"column":33}},{"start":{"line":109,"column":33},"end":{"line":109,"column":null}}],"line":109},"6":{"loc":{"start":{"line":112,"column":27},"end":{"line":112,"column":null}},"type":"binary-expr","locations":[{"start":{"line":112,"column":27},"end":{"line":112,"column":39}},{"start":{"line":112,"column":39},"end":{"line":112,"column":null}}],"line":112},"7":{"loc":{"start":{"line":114,"column":2},"end":{"line":120,"column":null}},"type":"if","locations":[{"start":{"line":114,"column":2},"end":{"line":120,"column":null}},{"start":{},"end":{}}],"line":114},"8":{"loc":{"start":{"line":122,"column":2},"end":{"line":128,"column":null}},"type":"if","locations":[{"start":{"line":122,"column":2},"end":{"line":128,"column":null}},{"start":{},"end":{}}],"line":122},"9":{"loc":{"start":{"line":130,"column":2},"end":{"line":144,"column":null}},"type":"if","locations":[{"start":{"line":130,"column":2},"end":{"line":144,"column":null}},{"start":{},"end":{}}],"line":130},"10":{"loc":{"start":{"line":130,"column":6},"end":{"line":130,"column":51}},"type":"binary-expr","locations":[{"start":{"line":130,"column":6},"end":{"line":130,"column":20}},{"start":{"line":130,"column":20},"end":{"line":130,"column":51}}],"line":130},"11":{"loc":{"start":{"line":134,"column":20},"end":{"line":134,"column":null}},"type":"cond-expr","locations":[{"start":{"line":134,"column":28},"end":{"line":134,"column":37}},{"start":{"line":134,"column":37},"end":{"line":134,"column":null}}],"line":134},"12":{"loc":{"start":{"line":135,"column":23},"end":{"line":135,"column":null}},"type":"cond-expr","locations":[{"start":{"line":135,"column":34},"end":{"line":135,"column":43}},{"start":{"line":135,"column":43},"end":{"line":135,"column":null}}],"line":135},"13":{"loc":{"start":{"line":136,"column":23},"end":{"line":136,"column":null}},"type":"binary-expr","locations":[{"start":{"line":136,"column":23},"end":{"line":136,"column":37}},{"start":{"line":136,"column":37},"end":{"line":136,"column":null}}],"line":136},"14":{"loc":{"start":{"line":137,"column":22},"end":{"line":137,"column":null}},"type":"cond-expr","locations":[{"start":{"line":137,"column":30},"end":{"line":137,"column":39}},{"start":{"line":137,"column":39},"end":{"line":137,"column":null}}],"line":137},"15":{"loc":{"start":{"line":137,"column":39},"end":{"line":137,"column":null}},"type":"cond-expr","locations":[{"start":{"line":137,"column":50},"end":{"line":137,"column":60}},{"start":{"line":137,"column":60},"end":{"line":137,"column":null}}],"line":137},"16":{"loc":{"start":{"line":138,"column":23},"end":{"line":138,"column":null}},"type":"binary-expr","locations":[{"start":{"line":138,"column":23},"end":{"line":138,"column":35}},{"start":{"line":138,"column":35},"end":{"line":138,"column":null}}],"line":138},"17":{"loc":{"start":{"line":149,"column":18},"end":{"line":149,"column":null}},"type":"cond-expr","locations":[{"start":{"line":149,"column":26},"end":{"line":149,"column":35}},{"start":{"line":149,"column":35},"end":{"line":149,"column":null}}],"line":149},"18":{"loc":{"start":{"line":150,"column":21},"end":{"line":150,"column":null}},"type":"cond-expr","locations":[{"start":{"line":150,"column":32},"end":{"line":150,"column":41}},{"start":{"line":150,"column":41},"end":{"line":150,"column":null}}],"line":150},"19":{"loc":{"start":{"line":151,"column":21},"end":{"line":151,"column":null}},"type":"binary-expr","locations":[{"start":{"line":151,"column":21},"end":{"line":151,"column":35}},{"start":{"line":151,"column":35},"end":{"line":151,"column":null}}],"line":151},"20":{"loc":{"start":{"line":152,"column":20},"end":{"line":152,"column":null}},"type":"cond-expr","locations":[{"start":{"line":152,"column":28},"end":{"line":152,"column":37}},{"start":{"line":152,"column":37},"end":{"line":152,"column":null}}],"line":152},"21":{"loc":{"start":{"line":152,"column":37},"end":{"line":152,"column":null}},"type":"cond-expr","locations":[{"start":{"line":152,"column":48},"end":{"line":152,"column":58}},{"start":{"line":152,"column":58},"end":{"line":152,"column":null}}],"line":152},"22":{"loc":{"start":{"line":153,"column":21},"end":{"line":153,"column":null}},"type":"binary-expr","locations":[{"start":{"line":153,"column":21},"end":{"line":153,"column":33}},{"start":{"line":153,"column":33},"end":{"line":153,"column":null}}],"line":153},"23":{"loc":{"start":{"line":154,"column":17},"end":{"line":154,"column":null}},"type":"binary-expr","locations":[{"start":{"line":154,"column":17},"end":{"line":154,"column":28}},{"start":{"line":154,"column":28},"end":{"line":154,"column":null}}],"line":154},"24":{"loc":{"start":{"line":160,"column":13},"end":{"line":257,"column":null}},"type":"cond-expr","locations":[{"start":{"line":161,"column":14},"end":{"line":222,"column":null}},{"start":{"line":224,"column":14},"end":{"line":257,"column":null}}],"line":160},"25":{"loc":{"start":{"line":159,"column":20},"end":{"line":159,"column":41}},"type":"binary-expr","locations":[{"start":{"line":159,"column":20},"end":{"line":159,"column":34}},{"start":{"line":159,"column":34},"end":{"line":159,"column":41}}],"line":159}},"s":{"0":1,"1":0,"2":0,"3":0,"4":0,"5":0,"6":0,"7":0,"8":0,"9":0,"10":0,"11":0,"12":0,"13":0,"14":0,"15":0,"16":0,"17":0,"18":0,"19":0,"20":0,"21":0,"22":0,"23":0,"24":0,"25":0,"26":0,"27":0,"28":0},"f":{"0":0,"1":0,"2":0,"3":0,"4":0,"5":0,"6":0,"7":0,"8":0,"9":0,"10":0},"b":{"0":[0],"1":[0],"2":[0,0],"3":[0,0],"4":[0,0],"5":[0,0],"6":[0,0],"7":[0,0],"8":[0,0],"9":[0,0],"10":[0,0],"11":[0,0],"12":[0,0],"13":[0,0],"14":[0,0],"15":[0,0],"16":[0,0],"17":[0,0],"18":[0,0],"19":[0,0],"20":[0,0],"21":[0,0],"22":[0,0],"23":[0,0],"24":[0,0],"25":[0,0]},"meta":{"lastBranch":26,"lastFunction":11,"lastStatement":29,"seen":{"s:46:38:59:Infinity":0,"f:84:16:84:29":0,"b:88:12:88:Infinity":0,"b:90:13:90:Infinity":1,"s:95:41:101:Infinity":1,"b:96:6:96:Infinity:97:6:101:Infinity":2,"b:98:8:98:Infinity:99:8:101:Infinity":3,"b:100:10:100:Infinity:101:10:101:Infinity":4,"s:104:2:106:Infinity":2,"f:104:18:104:24":1,"s:105:4:105:Infinity":3,"s:109:21:109:Infinity":4,"b:109:21:109:33:109:33:109:Infinity":5,"s:111:8:111:Infinity":5,"s:112:27:112:Infinity":6,"b:112:27:112:39:112:39:112:Infinity":6,"b:114:2:120:Infinity:undefined:undefined:undefined:undefined":7,"s:114:2:120:Infinity":7,"s:115:4:118:Infinity":8,"b:122:2:128:Infinity:undefined:undefined:undefined:undefined":8,"s:122:2:128:Infinity":9,"s:123:4:126:Infinity":10,"b:130:2:144:Infinity:undefined:undefined:undefined:undefined":9,"s:130:2:144:Infinity":11,"b:130:6:130:20:130:20:130:51":10,"s:131:4:142:Infinity":12,"b:134:28:134:37:134:37:134:Infinity":11,"b:135:34:135:43:135:43:135:Infinity":12,"b:136:23:136:37:136:37:136:Infinity":13,"b:137:30:137:39:137:39:137:Infinity":14,"b:137:50:137:60:137:60:137:Infinity":15,"b:138:23:138:35:138:35:138:Infinity":16,"s:146:2:262:Infinity":13,"b:149:26:149:35:149:35:149:Infinity":17,"b:150:32:150:41:150:41:150:Infinity":18,"b:151:21:151:35:151:35:151:Infinity":19,"b:152:28:152:37:152:37:152:Infinity":20,"b:152:48:152:58:152:58:152:Infinity":21,"b:153:21:153:33:153:33:153:Infinity":22,"b:154:17:154:28:154:28:154:Infinity":23,"f:158:30:158:31":2,"s:159:10:259:Infinity":14,"b:161:14:222:Infinity:224:14:257:Infinity":24,"f:173:31:173:43":3,"s:174:24:180:Infinity":15,"s:175:26:175:Infinity":16,"s:177:26:177:Infinity":17,"s:179:26:179:Infinity":18,"f:188:31:188:37":4,"s:188:37:188:Infinity":19,"f:195:31:195:37":5,"s:195:37:195:Infinity":20,"f:202:31:202:37":6,"s:202:37:202:Infinity":21,"f:209:31:209:37":7,"s:209:37:209:Infinity":22,"f:216:31:216:37":8,"s:216:37:216:Infinity":23,"f:234:31:234:43":9,"s:235:24:241:Infinity":24,"s:236:26:236:Infinity":25,"s:238:26:238:Infinity":26,"s:240:26:240:Infinity":27,"f:249:31:249:37":10,"s:249:37:249:Infinity":28,"b:159:20:159:34:159:34:159:41":25}}}
,"/Users/jamiecraik/dev/aStudio/packages/ui/src/app/chat/ChatShell/ChatShell.tsx": {"path":"/Users/jamiecraik/dev/aStudio/packages/ui/src/app/chat/ChatShell/ChatShell.tsx","statementMap":{"0":{"start":{"line":55,"column":41},"end":{"line":61,"column":null}},"1":{"start":{"line":64,"column":2},"end":{"line":66,"column":null}},"2":{"start":{"line":65,"column":4},"end":{"line":65,"column":null}},"3":{"start":{"line":69,"column":21},"end":{"line":69,"column":null}},"4":{"start":{"line":71,"column":2},"end":{"line":110,"column":null}}},"fnMap":{"0":{"name":"ChatShell","decl":{"start":{"line":44,"column":16},"end":{"line":44,"column":26}},"loc":{"start":{"line":53,"column":19},"end":{"line":112,"column":null}},"line":53},"1":{"name":"(anonymous_1)","decl":{"start":{"line":64,"column":18},"end":{"line":64,"column":24}},"loc":{"start":{"line":64,"column":24},"end":{"line":66,"column":5}},"line":64}},"branchMap":{"0":{"loc":{"start":{"line":48,"column":2},"end":{"line":48,"column":null}},"type":"default-arg","locations":[{"start":{"line":48,"column":12},"end":{"line":48,"column":null}}],"line":48},"1":{"loc":{"start":{"line":50,"column":2},"end":{"line":50,"column":null}},"type":"default-arg","locations":[{"start":{"line":50,"column":13},"end":{"line":50,"column":null}}],"line":50},"2":{"loc":{"start":{"line":55,"column":41},"end":{"line":61,"column":null}},"type":"cond-expr","locations":[{"start":{"line":56,"column":6},"end":{"line":56,"column":null}},{"start":{"line":57,"column":6},"end":{"line":61,"column":null}}],"line":55},"3":{"loc":{"start":{"line":57,"column":6},"end":{"line":61,"column":null}},"type":"cond-expr","locations":[{"start":{"line":58,"column":8},"end":{"line":58,"column":null}},{"start":{"line":59,"column":8},"end":{"line":61,"column":null}}],"line":57},"4":{"loc":{"start":{"line":59,"column":8},"end":{"line":61,"column":null}},"type":"cond-expr","locations":[{"start":{"line":60,"column":10},"end":{"line":60,"column":null}},{"start":{"line":61,"column":10},"end":{"line":61,"column":null}}],"line":59},"5":{"loc":{"start":{"line":69,"column":21},"end":{"line":69,"column":null}},"type":"binary-expr","locations":[{"start":{"line":69,"column":21},"end":{"line":69,"column":33}},{"start":{"line":69,"column":33},"end":{"line":69,"column":null}}],"line":69},"6":{"loc":{"start":{"line":75,"column":18},"end":{"line":75,"column":null}},"type":"cond-expr","locations":[{"start":{"line":75,"column":26},"end":{"line":75,"column":35}},{"start":{"line":75,"column":35},"end":{"line":75,"column":null}}],"line":75},"7":{"loc":{"start":{"line":76,"column":21},"end":{"line":76,"column":null}},"type":"cond-expr","locations":[{"start":{"line":76,"column":32},"end":{"line":76,"column":41}},{"start":{"line":76,"column":41},"end":{"line":76,"column":null}}],"line":76},"8":{"loc":{"start":{"line":77,"column":21},"end":{"line":77,"column":null}},"type":"binary-expr","locations":[{"start":{"line":77,"column":21},"end":{"line":77,"column":35}},{"start":{"line":77,"column":35},"end":{"line":77,"column":null}}],"line":77},"9":{"loc":{"start":{"line":78,"column":20},"end":{"line":78,"column":null}},"type":"cond-expr","locations":[{"start":{"line":78,"column":28},"end":{"line":78,"column":37}},{"start":{"line":78,"column":37},"end":{"line":78,"column":null}}],"line":78},"10":{"loc":{"start":{"line":78,"column":37},"end":{"line":78,"column":null}},"type":"cond-expr","locations":[{"start":{"line":78,"column":48},"end":{"line":78,"column":58}},{"start":{"line":78,"column":58},"end":{"line":78,"column":null}}],"line":78},"11":{"loc":{"start":{"line":79,"column":21},"end":{"line":79,"column":null}},"type":"binary-expr","locations":[{"start":{"line":79,"column":21},"end":{"line":79,"column":33}},{"start":{"line":79,"column":33},"end":{"line":79,"column":null}}],"line":79},"12":{"loc":{"start":{"line":80,"column":17},"end":{"line":80,"column":null}},"type":"binary-expr","locations":[{"start":{"line":80,"column":17},"end":{"line":80,"column":28}},{"start":{"line":80,"column":28},"end":{"line":80,"column":null}}],"line":80},"13":{"loc":{"start":{"line":83,"column":8},"end":{"line":83,"column":null}},"type":"binary-expr","locations":[{"start":{"line":83,"column":8},"end":{"line":83,"column":22}},{"start":{"line":83,"column":22},"end":{"line":83,"column":null}}],"line":83},"14":{"loc":{"start":{"line":84,"column":8},"end":{"line":84,"column":null}},"type":"binary-expr","locations":[{"start":{"line":84,"column":8},"end":{"line":84,"column":17}},{"start":{"line":84,"column":17},"end":{"line":84,"column":null}}],"line":84},"15":{"loc":{"start":{"line":85,"column":8},"end":{"line":85,"column":null}},"type":"binary-expr","locations":[{"start":{"line":85,"column":8},"end":{"line":85,"column":19}},{"start":{"line":85,"column":19},"end":{"line":85,"column":null}}],"line":85},"16":{"loc":{"start":{"line":89,"column":7},"end":{"line":92,"column":null}},"type":"binary-expr","locations":[{"start":{"line":89,"column":7},"end":{"line":89,"column":null}},{"start":{"line":90,"column":8},"end":{"line":92,"column":null}}],"line":89},"17":{"loc":{"start":{"line":94,"column":7},"end":{"line":97,"column":null}},"type":"binary-expr","locations":[{"start":{"line":94,"column":7},"end":{"line":94,"column":16}},{"start":{"line":94,"column":16},"end":{"line":94,"column":null}},{"start":{"line":95,"column":8},"end":{"line":97,"column":null}}],"line":94}},"s":{"0":0,"1":0,"2":0,"3":0,"4":0},"f":{"0":0,"1":0},"b":{"0":[0],"1":[0],"2":[0,0],"3":[0,0],"4":[0,0],"5":[0,0],"6":[0,0],"7":[0,0],"8":[0,0],"9":[0,0],"10":[0,0],"11":[0,0],"12":[0,0],"13":[0,0],"14":[0,0],"15":[0,0],"16":[0,0],"17":[0,0,0]},"meta":{"lastBranch":18,"lastFunction":2,"lastStatement":5,"seen":{"f:44:16:44:26":0,"b:48:12:48:Infinity":0,"b:50:13:50:Infinity":1,"s:55:41:61:Infinity":0,"b:56:6:56:Infinity:57:6:61:Infinity":2,"b:58:8:58:Infinity:59:8:61:Infinity":3,"b:60:10:60:Infinity:61:10:61:Infinity
[...]
6:60:28":0,"b:67:13:67:Infinity":0,"b:68:16:68:Infinity":1,"b:71:12:71:Infinity":2,"b:73:13:73:Infinity":3,"s:77:8:77:Infinity":0,"s:78:20:82:Infinity":1,"s:85:41:91:Infinity":2,"b:86:6:86:Infinity:87:6:91:Infinity":4,"b:88:8:88:Infinity:89:8:91:Infinity":5,"b:90:10:90:Infinity:91:10:91:Infinity":6,"s:94:2:96:Infinity":3,"f:94:18:94:24":1,"s:95:4:95:Infinity":4,"s:99:21:99:Infinity":5,"b:99:21:99:33:99:33:99:Infinity":7,"b:101:2:101:Infinity:undefined:undefined:undefined:undefined":8,"s:101:2:101:Infinity":6,"s:101:15:101:Infinity":7,"s:104:27:104:Infinity":8,"b:104:27:104:39:104:39:104:Infinity":9,"b:104:47:104:73:104:73:104:Infinity":10,"s:105:24:105:Infinity":9,"b:105:38:105:70:105:70:105:Infinity":11,"s:107:2:178:Infinity":10,"b:111:26:111:35:111:35:111:Infinity":12,"b:112:32:112:41:112:41:112:Infinity":13,"b:115:21:115:35:115:35:115:Infinity":14,"b:116:28:116:37:116:37:116:Infinity":15,"b:116:48:116:58:116:58:116:Infinity":16,"b:117:21:117:33:117:33:117:Infinity":17,"b:118:17:118:28:118:28:118:Infinity":18,"b:121:7:121:Infinity:122:8:133:Infinity":19,"b:126:12:126:26:126:26:126:Infinity":20,"b:127:12:127:21:127:21:127:Infinity":21,"b:149:10:149:24:149:24:149:Infinity":22,"b:150:10:150:19:150:19:150:Infinity":23,"b:151:10:151:21:151:21:151:Infinity":24,"b:156:9:156:Infinity:157:10:159:Infinity":25,"b:161:9:161:18:161:18:161:Infinity:162:10:164:Infinity":26,"b:167:10:169:Infinity:170:12:170:Infinity":27,"b:166:9:166:18:166:18:166:Infinity":28,"b:172:10:174:Infinity:175:12:175:Infinity":29,"f:210:16:210:28":2,"b:214:14:214:Infinity":30,"s:219:8:219:Infinity":11,"s:220:27:220:Infinity":12,"b:220:27:220:38:220:38:220:Infinity":31,"s:222:2:267:Infinity":13,"b:237:9:237:Infinity:238:10:240:Infinity":32,"b:243:7:243:18:243:18:243:Infinity":33,"b:244:7:244:20:244:20:244:Infinity:245:8:265:Infinity":34,"f:289:16:289:26":3,"s:290:2:290:Infinity":14,"f:311:16:311:28":4,"s:312:2:321:Infinity":15,"s:325:0:325:Infinity":16,"s:326:0:326:Infinity":17,"s:327:0:327:Infinity":18,"s:328:0:328:Infinity":19}}}
,"/Users/jamiecraik/dev/aStudio/packages/ui/src/components/ui/overlays/Popover/fallback/Popover.tsx": {"path":"/Users/jamiecraik/dev/aStudio/packages/ui/src/components/ui/overlays/Popover/fallback/Popover.tsx","statementMap":{"0":{"start":{"line":37,"column":41},"end":{"line":43,"column":null}},"1":{"start":{"line":46,"column":2},"end":{"line":48,"column":null}},"2":{"start":{"line":47,"column":4},"end":{"line":47,"column":null}},"3":{"start":{"line":51,"column":21},"end":{"line":51,"column":null}},"4":{"start":{"line":53,"column":2},"end":{"line":64,"column":null}},"5":{"start":{"line":75,"column":2},"end":{"line":75,"column":null}},"6":{"start":{"line":91,"column":2},"end":{"line":104,"column":null}},"7":{"start":{"line":115,"column":2},"end":{"line":115,"column":null}}},"fnMap":{"0":{"name":"Popover","decl":{"start":{"line":28,"column":9},"end":{"line":28,"column":17}},"loc":{"start":{"line":35,"column":80},"end":{"line":66,"column":null}},"line":35},"1":{"name":"(anonymous_1)","decl":{"start":{"line":46,"column":18},"end":{"line":46,"column":24}},"loc":{"start":{"line":46,"column":24},"end":{"line":48,"column":5}},"line":46},"2":{"name":"PopoverTrigger","decl":{"start":{"line":74,"column":9},"end":{"line":74,"column":24}},"loc":{"start":{"line":74,"column":93},"end":{"line":76,"column":null}},"line":74},"3":{"name":"PopoverContent","decl":{"start":{"line":84,"column":9},"end":{"line":84,"column":24}},"loc":{"start":{"line":90,"column":58},"end":{"line":106,"column":null}},"line":90},"4":{"name":"PopoverAnchor","decl":{"start":{"line":114,"column":9},"end":{"line":114,"column":23}},"loc":{"start":{"line":114,"column":91},"end":{"line":116,"column":null}},"line":114}},"branchMap":{"0":{"loc":{"start":{"line":29,"column":2},"end":{"line":29,"column":null}},"type":"default-arg","locations":[{"start":{"line":29,"column":12},"end":{"line":29,"column":null}}],"line":29},"1":{"loc":{"start":{"line":31,"column":2},"end":{"line":31,"column":null}},"type":"default-arg","locations":[{"start":{"line":31,"column":13},"end":{"line":31,"column":null}}],"line":31},"2":{"loc":{"start":{"line":37,"column":41},"end":{"line":43,"column":null}},"type":"cond-expr","locations":[{"start":{"line":38,"column":6},"end":{"line":38,"column":null}},{"start":{"line":39,"column":6},"end":{"line":43,"column":null}}],"line":37},"3":{"loc":{"start":{"line":39,"column":6},"end":{"line":43,"column":null}},"type":"cond-expr","locations":[{"start":{"line":40,"column":8},"end":{"line":40,"column":null}},{"start":{"line":41,"column":8},"end":{"line":43,"column":null}}],"line":39},"4":{"loc":{"start":{"line":41,"column":8},"end":{"line":43,"column":null}},"type":"cond-expr","locations":[{"start":{"line":42,"column":10},"end":{"line":42,"column":null}},{"start":{"line":43,"column":10},"end":{"line":43,"column":null}}],"line":41},"5":{"loc":{"start":{"line":51,"column":21},"end":{"line":51,"column":null}},"type":"binary-expr","locations":[{"start":{"line":51,"column":21},"end":{"line":51,"column":33}},{"start":{"line":51,"column":33},"end":{"line":51,"column":null}}],"line":51},"6":{"loc":{"start":{"line":57,"column":18},"end":{"line":57,"column":null}},"type":"cond-expr","locations":[{"start":{"line":57,"column":26},"end":{"line":57,"column":35}},{"start":{"line":57,"column":35},"end":{"line":57,"column":null}}],"line":57},"7":{"loc":{"start":{"line":58,"column":21},"end":{"line":58,"column":null}},"type":"cond-expr","locations":[{"start":{"line":58,"column":32},"end":{"line":58,"column":41}},{"start":{"line":58,"column":41},"end":{"line":58,"column":null}}],"line":58},"8":{"loc":{"start":{"line":59,"column":21},"end":{"line":59,"column":null}},"type":"binary-expr","locations":[{"start":{"line":59,"column":21},"end":{"line":59,"column":35}},{"start":{"line":59,"column":35},"end":{"line":59,"column":null}}],"line":59},"9":{"loc":{"start":{"line":60,"column":20},"end":{"line":60,"column":null}},"type":"cond-expr","locations":[{"start":{"line":60,"column":28},"end":{"line":60,"column":37}},{"start":{"line":60,"column":37},"end":{"line":60,"column":null}}],"line":60},"10":{"loc":{"start":{"line":60,"column":37},"end":{"line":60,"column":null}},"type":"cond-expr","locations":[{"start":{"line":60,"column":48},"end":{"line":60,"column":58}},{"start":{"line":60,"column":58},"end":{"line":60,"column":null}}],"line":60},"11":{"loc":{"start":{"line":61,"column":21},"end":{"line":61,"column":null}},"type":"binary-expr","locations":[{"start":{"line":61,"column":21},"end":{"line":61,"column":33}},{"start":{"line":61,"column":33},"end":{"line":61,"column":null}}],"line":61},"12":{"loc":{"start":{"line":62,"column":17},"end":{"line":62,"column":null}},"type":"binary-expr","locations":[{"start":{"line":62,"column":17},"end":{"line":62,"column":28}},{"start":{"line":62,"column":28},"end":{"line":62,"column":null}}],"line":62},"13":{"loc":{"start":{"line":86,"column":2},"end":{"line":86,"column":null}},"type":"default-arg","locations":[{"start":{"line":86,"column":10},"end":{"line":86,"column":null}}],"line":86},"14":{"loc":{"start":{"line":87,"column":2},"end":{"line":87,"column":null}},"type":"default-arg","locations":[{"start":{"line":87,"column":15},"end":{"line":87,"column":null}}],"line":87},"15":{"loc":{"start":{"line":88,"column":2},"end":{"line":88,"column":null}},"type":"default-arg","locations":[{"start":{"line":88,"column":15},"end":{"line":88,"column":null}}],"line":88}},"s":{"0":35,"1":35,"2":32,"3":35,"4":35,"5":35,"6":35,"7":0},"f":{"0":35,"1":32,"2":35,"3":35,"4":0},"b":{"0":[35],"1":[35],"2":[2,33],"3":[2,31],"4":[1,30],"5":[35,32],"6":[3,32],"7":[1,34],"8":[35,31],"9":[3,32],"10":[1,31],"11":[35,34],"12":[35,33],"13":[35],"14":[35],"15":[35]},"meta":{"lastBranch":16,"lastFunction":5,"lastStatement":8,"seen":{"f:28:9:28:17":0,"b:29:12:29:Infinity":0,"b:31:13:31:Infinity":1,"s:37:41:43:Infinity":0,"b:38:6:38:Infinity:39:6:43:Infinity":2,"b:40:8:40:Infinity:41:8:43:Infinity":3,"b:42:10:42:Infinity:43:10:43:Infinity":4,"s:46:2:48:Infinity":1,"f:46:18:46:24":1,"s:47:4:47:Infinity":2,"s:51:21:51:Infinity":3,"b:51:21:51:33:51:33:51:Infinity":5,"s:53:2:64:Infinity":4,"b:57:26:57:35:57:35:57:Infinity":6,"b:58:32:58:41:58:41:58:Infinity":7,"b:59:21:59:35:59:35:59:Infinity":8,"b:60:28:60:37:60:37:60:Infinity":9,"b:60:48:60:58:60:58:60:Infinity":10,"b:61:21:61:33:61:33:61:Infinity":11,"b:62:17:62:28:62:28:62:Infinity":12,"f:74:9:74:24":2,"s:75:2:75:Infinity":5,"f:84:9:84:24":3,"b:86:10:86:Infinity":13,"b:87:15:87:Infinity":14,"b:88:15:88:Infinity":15,"s:91:2:104:Infinity":6,"f:114:9:114:23":4,"s:115:2:115:Infinity":7}}}
,"/Users/jamiecraik/dev/aStudio/packages/ui/src/components/ui/overlays/Sheet/fallback/Sheet.tsx": {"path":"/Users/jamiecraik/dev/aStudio/packages/ui/src/components/ui/overlays/Sheet/fallback/Sheet.tsx","statementMap":{"0":{"start":{"line":12,"column":0},"end":{"line":12,"column":null}},"1":{"start":{"line":33,"column":2},"end":{"line":33,"column":null}},"2":{"start":{"line":43,"column":2},"end":{"line":43,"column":null}},"3":{"start":{"line":53,"column":2},"end":{"line":53,"column":null}},"4":{"start":{"line":63,"column":2},"end":{"line":63,"column":null}},"5":{"start":{"line":76,"column":2},"end":{"line":84,"column":null}},"6":{"start":{"line":105,"column":2},"end":{"line":130,"column":null}},"7":{"start":{"line":141,"column":2},"end":{"line":146,"column":null}},"8":{"start":{"line":157,"column":2},"end":{"line":162,"column":null}},"9":{"start":{"line":173,"column":2},"end":{"line":178,"column":null}},"10":{"start":{"line":192,"column":2},"end":{"line":197,"column":null}}},"fnMap":{"0":{"name":"Sheet","decl":{"start":{"line":32,"column":9},"end":{"line":32,"column":15}},"loc":{"start":{"line":32,"column":79},"end":{"line":34,"column":null}},"line":32},"1":{"name":"SheetTrigger","decl":{"start":{"line":42,"column":9},"end":{"line":42,"column":22}},"loc":{"start":{"line":42,"column":89},"end":{"line":44,"column":null}},"line":42},"2":{"name":"SheetClose","decl":{"start":{"line":52,"column":9},"end":{"line":52,"column":20}},"loc":{"start":{"line":52,"column":85},"end":{"line":54,"column":null}},"line":52},"3":{"name":"SheetPortal","decl":{"start":{"line":62,"column":9},"end":{"line":62,"column":21}},"loc":{"start":{"line":62,"column":87},"end":{"line":64,"column":null}},"line":62},"4":{"name":"SheetOverlay","decl":{"start":{"line":72,"column":9},"end":{"line":72,"column":22}},"loc":{"start":{"line":75,"column":56},"end":{"line":86,"column":null}},"line":75},"5":{"name":"SheetContent","decl":{"start":{"line":97,"column":9},"end":{"line":97,"column":22}},"loc":{"start":{"line":104,"column":3},"end":{"line":132,"column":null}},"line":104},"6":{"name":"SheetHeader","decl":{"start":{"line":140,"column":9},"end":{"line":140,"column":21}},"loc":{"start":{"line":140,"column":75},"end":{"line":148,"column":null}},"line":140},"7":{"name":"SheetFooter","decl":{"start":{"line":156,"column":9},"end":{"line":156,"column":21}},"loc":{"start":{"line":156,"column":75},"end":{"line":164,"column":null}},"line":156},"8":{"name":"SheetTitle","decl":{"start":{"line":172,"column":9},"end":{"line":172,"column":20}},"loc":{"start":{"line":172,"column":96},"end":{"line":180,"column":null}},"line":172},"9":{"name":"SheetDescription","decl":{"start":{"line":188,"column":9},"end":{"line":188,"column":26}},"loc":{"start":{"line":191,"column":60},"end":{"line":199,"column":null}},"line":191}},"branchMap":{"0":{"loc":{"start":{"line":100,"column":2},"end":{"line":100,"column":null}},"type":"default-arg","locations":[{"start":{"line":100,"column":9},"end":{"line":100,"column":null}}],"line":100},"1":{"loc":{"start":{"line":112,"column":10},"end":{"line":113,"column":null}},"type":"binary-expr","locations":[{"start":{"line":112,"column":10},"end":{"line":112,"column":null}},{"start":{"line":113,"column":12},"end":{"line":113,"column":null}}],"line":112},"2":{"loc":{"start":{"line":114,"column":10},"end":{"line":115,"column":null}},"type":"binary-expr","locations":[{"start":{"line":114,"column":10},"end":{"line":114,"column":null}},{"start":{"line":115,"column":12},"end":{"line":115,"column":null}}],"line":114},"3":{"loc":{"start":{"line":116,"column":10},"end":{"line":117,"column":null}},"type":"binary-expr","locations":[{"start":{"line":116,"column":10},"end":{"line":116,"column":null}},{"start":{"line":117,"column":12},"end":{"line":117,"column":null}}],"line":116},"4":{"loc":{"start":{"line":118,"column":10},"end":{"line":119,"column":null}},"type":"binary-expr","locations":[{"start":{"line":118,"column":10},"end":{"line":118,"column":null}},{"start":{"line":119,"column":12},"end":{"line":119,"column":null}}],"line":118}},"s":{"0":2,"1":26,"2":26,"3":1,"4":26,"5":43,"6":26,"7":7,"8":4,"9":22,"10":3},"f":{"0":26,"1":26,"2":1,"3":26,"4":43,"5":26,"6":7,"7":4,"8":22,"9":3},"b":{"0":[26],"1":[26,23],"2":[26,1],"3":[26,1],"4":[26,1]},"meta":{"lastBranch":5,"lastFunction":10,"lastStatement":11,"seen":{"s:12:0:12:Infinity":0,"f:32:9:32:15":0,"s:33:2:33:Infinity":1,"f:42:9:42:22":1,"s:43:2:43:Infinity":2,"f:52:9:52:20":2,"s:53:2:53:Infinity":3,"f:62:9:62:21":3,"s:63:2:63:Infinity":4,"f:72:9:72:22":4,"s:76:2:84:Infinity":5,"f:97:9:97:22":5,"b:100:9:100:Infinity":0,"s:105:2:130:Infinity":6,"b:112:10:112:Infinity:113:12:113:Infinity":1,"b:114:10:114:Infinity:115:12:115:Infinity":2,"b:116:10:116:Infinity:117:12:117:Infinity":3,"b:118:10:118:Infinity:119:12:119:Infinity":4,"f:140:9:140:21":6,"s:141:2:146:Infinity":7,"f:156:9:156:21":7,"s:157:2:162:Infinity":8,"f:172:9:172:20":8,"s:173:2:178:Infinity":9,"f:188:9:188:26":9,"s:192:2:197:Infinity":10}}}
,"/Users/jamiecraik/dev/aStudio/packages/ui/src/components/ui/overlays/Tooltip/fallback/Tooltip.tsx": {"path":"/Users/jamiecraik/dev/aStudio/packages/ui/src/components/ui/overlays/Tooltip/fallback/Tooltip.tsx","statementMap":{"0":{"start":{"line":22,"column":2},"end":{"line":27,"column":null}},"1":{"start":{"line":56,"column":41},"end":{"line":62,"column":null}},"2":{"start":{"line":65,"column":2},"end":{"line":67,"column":null}},"3":{"start":{"line":66,"column":4},"end":{"line":66,"column":null}},"4":{"start":{"line":70,"column":21},"end":{"line":70,"column":null}},"5":{"start":{"line":72,"column":2},"end":{"line":85,"column":null}},"6":{"start":{"line":96,"column":2},"end":{"line":96,"column":null}},"7":{"start":{"line":111,"column":2},"end":{"line":125,"column":null}}},"fnMap":{"0":{"name":"TooltipProvider","decl":{"start":{"line":18,"column":9},"end":{"line":18,"column":25}},"loc":{"start":{"line":21,"column":59},"end":{"line":29,"column":null}},"line":21},"1":{"name":"Tooltip","decl":{"start":{"line":47,"column":9},"end":{"line":47,"column":17}},"loc":{"start":{"line":54,"column":80},"end":{"line":87,"column":null}},"line":54},"2":{"name":"(anonymous_2)","decl":{"start":{"line":65,"column":18},"end":{"line":65,"column":24}},"loc":{"start":{"line":65,"column":24},"end":{"line":67,"column":5}},"line":65},"3":{"name":"TooltipTrigger","decl":{"start":{"line":95,"column":9},"end":{"line":95,"column":24}},"loc":{"start":{"line":95,"column":93},"end":{"line":97,"column":null}},"line":95},"4":{"name":"TooltipContent","decl":{"start":{"line":105,"column":9},"end":{"line":105,"column":24}},"loc":{"start":{"line":110,"column":58},"end":{"line":127,"column":null}},"line":110}},"branchMap":{"0":{"loc":{"start":{"line":19,"column":2},"end":{"line":19,"column":null}},"type":"default-arg","locations":[{"start":{"line":19,"column":18},"end":{"line":19,"column":null}}],"line":19},"1":{"loc":{"start":{"line":48,"column":2},"end":{"line":48,"column":null}},"type":"default-arg","locations":[{"start":{"line":48,"column":12},"end":{"line":48,"column":null}}],"line":48},"2":{"loc":{"start":{"line":50,"column":2},"end":{"line":50,"column":null}},"type":"default-arg","locations":[{"start":{"line":50,"column":13},"end":{"line":50,"column":null}}],"line":50},"3":{"loc":{"start":{"line":56,"column":41},"end":{"line":62,"column":null}},"type":"cond-expr","locations":[{"start":{"line":57,"column":6},"end":{"line":57,"column":null}},{"start":{"line":58,"column":6},"end":{"line":62,"column":null}}],"line":56},"4":{"loc":{"start":{"line":58,"column":6},"end":{"line":62,"column":null}},"type":"cond-expr","locations":[{"start":{"line":59,"column":8},"end":{"line":59,"column":null}},{"start":{"line":60,"column":8},"end":{"line":62,"column":null}}],"line":58},"5":{"loc":{"start":{"line":60,"column":8},"end":{"line":62,"column":null}},"type":"cond-expr","locations":[{"start":{"line":61,"column":10},"end":{"line":61,"column":null}},{"start":{"line":62,"column":10},"end":{"line":62,"column":null}}],"line":60},"6":{"loc":{"start":{"line":70,"column":21},"end":{"line":70,"column":null}},"type":"binary-expr","locations":[{"start":{"line":70,"column":21},"end":{"line":70,"column":33}},{"start":{"line":70,"column":33},"end":{"line":70,"column":null}}],"line":70},"7":{"loc":{"start":{"line":77,"column":20},"end":{"line":77,"column":null}},"type":"cond-expr","locations":[{"start":{"line":77,"column":28},"end":{"line":77,"column":37}},{"start":{"line":77,"column":37},"end":{"line":77,"column":null}}],"line":77},"8":{"loc":{"start":{"line":78,"column":23},"end":{"line":78,"column":null}},"type":"cond-expr","locations":[{"start":{"line":78,"column":34},"end":{"line":78,"column":43}},{"start":{"line":78,"column":43},"end":{"line":78,"column":null}}],"line":78},"9":{"loc":{"start":{"line":79,"column":23},"end":{"line":79,"column":null}},"type":"binary-expr","locations":[{"start":{"line":79,"column":23},"end":{"line":79,"column":37}},{"start":{"line":79,"column":37},"end":{"line":79,"column":null}}],"line":79},"10":{"loc":{"start":{"line":80,"column":22},"end":{"line":80,"column":null}},"type":"cond-expr","locations":[{"start":{"line":80,"column":30},"end":{"line":80,"column":39}},{"start":{"line":80,"column":39},"end":{"line":80,"column":null}}],"line":80},"11":{"loc":{"start":{"line":80,"column":39},"end":{"line":80,"column":null}},"type":"cond-expr","locations":[{"start":{"line":80,"column":50},"end":{"line":80,"column":60}},{"start":{"line":80,"column":60},"end":{"line":80,"column":null}}],"line":80},"12":{"loc":{"start":{"line":81,"column":23},"end":{"line":81,"column":null}},"type":"binary-expr","locations":[{"start":{"line":81,"column":23},"end":{"line":81,"column":35}},{"start":{"line":81,"column":35},"end":{"line":81,"column":null}}],"line":81},"13":{"loc":{"start":{"line":82,"column":19},"end":{"line":82,"column":null}},"type":"binary-expr","locations":[{"start":{"line":82,"column":19},"end":{"line":82,"column":30}},{"start":{"line":82,"column":30},"end":{"line":82,"column":null}}],"line":82},"14":{"loc":{"start":{"line":107,"column":2},"end":{"line":107,"column":null}},"type":"default-arg","locations":[{"start":{"line":107,"column":15},"end":{"line":107,"column":null}}],"line":107}},"s":{"0":17,"1":17,"2":17,"3":17,"4":17,"5":17,"6":17,"7":17},"f":{"0":17,"1":17,"2":17,"3":17,"4":17},"b":{"0":[17],"1":[17],"2":[17],"3":[2,15],"4":[2,13],"5":[1,12],"6":[17,14],"7":[3,14],"8":[1,16],"9":[17,13],"10":[3,14],"11":[1,13],"12":[17,16],"13":[17,15],"14":[17]},"meta":{"lastBranch":15,"lastFunction":5,"lastStatement":8,"seen":{"f:18:9:18:25":0,"b:19:18:19:Infinity":0,"s:22:2:27:Infinity":0,"f:47:9:47:17":1,"b:48:12:48:Infinity":1,"b:50:13:50:Infinity":2,"s:56:41:62:Infinity":1,"b:57:6:57:Infinity:58:6:62:Infinity":3,"b:59:8:59:Infinity:60:8:62:Infinity":4,"b:61:10:61:Infinity:62:10:62:Infinity":5,"s:65:2:67:Infinity":2,"f:65:18:65:24":2,"s:66:4:66:Infinity":3,"s:70:21:70:Infinity":4,"b:70:21:70:33:70:33:70:Infinity":6,"s:72:2:85:Infinity":5,"b:77:28:77:37:77:37:77:Infinity":7,"b:78:34:78:43:78:43:78:Infinity":8,"b:79:23:79:37:79:37:79:Infinity":9,"b:80:30:80:39:80:39:80:Infinity":10,"b:80:50:80:60:80:60:80:Infinity":11,"b:81:23:81:35:81:35:81:Infinity":12,"b:82:19:82:30:82:30:82:Infinity":13,"f:95:9:95:24":3,"s:96:2:96:Infinity":6,"f:105:9:105:24":4,"b:107:15:107:Infinity":14,"s:111:2:125:Infinity":7}}}
}
